2016å¹´09æœˆ13æ—¥ 11:46:51  é”™è¯¯: cj.studio.cde.tools.pd.PdConsole - ä¸è®¤è¯†çš„å‘½ä»¤ï¼šls
2016å¹´09æœˆ13æ—¥ 14:22:01  é”™è¯¯: cj.studio.cde.tools.pd.CubeConsole - ç¼ºå°‘å‚æ•°ï¼šskip
2016å¹´09æœˆ13æ—¥ 14:24:14  é”™è¯¯: cj.studio.cde.tools.pd.CubeConsole - For input string: "9223372036854775807"
2016å¹´09æœˆ13æ—¥ 14:25:17  é”™è¯¯: cj.studio.cde.tools.pd.CubeConsole - For input string: "9223372036854775807"
2016å¹´09æœˆ13æ—¥ 14:27:36  é”™è¯¯: cj.studio.cde.tools.pd.CubeConsole - For input string: "9223372036854775807"
2016å¹´09æœˆ13æ—¥ 14:35:42  é”™è¯¯: cj.studio.cde.tools.pd.CubeConsole - ä¸è®¤è¯†çš„å‘½ä»¤ï¼šbye
2016å¹´09æœˆ13æ—¥ 14:47:05  é”™è¯¯: cj.studio.cde.tools.disk.DiskConsole - ä¸å­˜åœ¨ç½‘ç›˜cjæˆ–ä¸å­˜åœ¨ç«‹æ–¹ä½“jofers0408
2016å¹´09æœˆ13æ—¥ 14:47:20  é”™è¯¯: cj.studio.cde.tools.pd.PdConsole - ç¼ºå°‘å‚æ•°ï¼šclazz
2016å¹´09æœˆ13æ—¥ 14:47:32  é”™è¯¯: cj.studio.cde.tools.pd.PdConsole - ç¼ºå°‘å‚æ•°ï¼šclazz
2016å¹´09æœˆ13æ—¥ 22:08:02  é”™è¯¯: cj.studio.cde.tools.pd.PdConsole - ä¸è®¤è¯†çš„å‘½ä»¤ï¼šveiw
2016å¹´09æœˆ13æ—¥ 22:08:08  é”™è¯¯: cj.studio.cde.tools.pd.PdConsole - ä¸è®¤è¯†çš„å‘½ä»¤ï¼šview
2016å¹´09æœˆ13æ—¥ 22:08:45  é”™è¯¯: cj.studio.cde.tools.pd.PdConsole - ä¸è®¤è¯†çš„å‘½ä»¤ï¼šview
2016å¹´09æœˆ13æ—¥ 22:13:25  é”™è¯¯: cj.studio.cde.tools.pd.PdConsole - ä¸è®¤è¯†çš„å‘½ä»¤ï¼šSystem.out.println(String.format("\t\t\tç±»å‹ï¼š%s",
2016å¹´09æœˆ13æ—¥ 23:15:41  é”™è¯¯: cj.studio.cde.tools.pd.PdConsole - ä¸è®¤è¯†çš„å‘½ä»¤ï¼šopen
2016å¹´09æœˆ13æ—¥ 23:22:50  é”™è¯¯: cj.studio.cde.tools.pd.PdConsole - invalid hexadecimal representation of an ObjectId: [/]
2016å¹´09æœˆ13æ—¥ 23:23:38  é”™è¯¯: cj.studio.cde.tools.pd.PdConsole - invalid hexadecimal representation of an ObjectId: [/]
2016å¹´09æœˆ13æ—¥ 23:24:04  é”™è¯¯: cj.studio.cde.tools.pd.PdConsole - invalid hexadecimal representation of an ObjectId: [/]
2016å¹´09æœˆ13æ—¥ 23:24:41  é”™è¯¯: cj.studio.cde.tools.pd.PdConsole - invalid hexadecimal representation of an ObjectId: [/]
2016å¹´09æœˆ13æ—¥ 23:27:15  é”™è¯¯: cj.studio.cde.tools.pd.PdConsole - invalid hexadecimal representation of an ObjectId: [/æ–°é—»view]
2016å¹´09æœˆ13æ—¥ 23:41:57  é”™è¯¯: cj.studio.cde.tools.pd.PdConsole - invalid hexadecimal representation of an ObjectId: [/æ–°é—»]
2016å¹´09æœˆ13æ—¥ 23:42:32  é”™è¯¯: cj.studio.cde.tools.pd.PdConsole - äº‹è±¡ï¼š57d79e939334797277cfcaa4 å·²å­˜åœ¨downåˆ†æ”¯ï¼š/æ–°é—»/æœ¬åœ°æ–°é—»
2016å¹´09æœˆ13æ—¥ 23:49:08  é”™è¯¯: cj.studio.cde.tools.pd.PdConsole - invalid hexadecimal representation of an ObjectId: [/æ–°é—»]
2016å¹´09æœˆ13æ—¥ 23:49:30  é”™è¯¯: cj.studio.cde.tools.pd.PdConsole - ä¸è®¤è¯†çš„å‘½ä»¤ï¼š57d79e939334797277cfcaa4
2016å¹´09æœˆ13æ—¥ 23:49:33  é”™è¯¯: cj.studio.cde.tools.pd.PdConsole - invalid hexadecimal representation of an ObjectId: [/æ–°é—»]
2016å¹´09æœˆ13æ—¥ 23:52:15  é”™è¯¯: cj.studio.cde.tools.pd.PdConsole - ä¸è®¤è¯†çš„å‘½ä»¤ï¼š57d79e939334797277cfcaa4
2016å¹´09æœˆ13æ—¥ 23:53:54  é”™è¯¯: cj.studio.cde.tools.pd.PdConsole - invalid hexadecimal representation of an ObjectId: [/æ–°é—»]
2016å¹´09æœˆ14æ—¥ 00:11:10  é”™è¯¯: cj.studio.cde.tools.pd.PdConsole -  å¼‚å¸¸ï¼šjava.lang.NullPointerException
		at cj.studio.cde.PhenomenonDisk.getPhenomenons(PhenomenonDisk.java:496)
		at cj.studio.cde.tools.pd.command.LsPhenCommand.doCommand(LsPhenCommand.java:25)
		at cj.studio.cde.tools.Console.monitor(Console.java:109)
		at cj.studio.cde.tools.pd.PdConsole.monitor(PdConsole.java:28)
		at cj.studio.cde.tools.disk.command.OpenPdCommand.doCommand(OpenPdCommand.java:50)
		at cj.studio.cde.tools.Console.monitor(Console.java:109)
		at cj.studio.cde.tools.disk.DiskConsole.monitor(DiskConsole.java:31)
		at cj.studio.cde.tools.CdeMain.main(CdeMain.java:43)
		at sun.reflect.NativeMethodAccessorImpl.invoke0(NativeMethodAccessorImpl.java:-2)
		at sun.reflect.NativeMethodAccessorImpl.invoke(NativeMethodAccessorImpl.java:62)
		at sun.reflect.DelegatingMethodAccessorImpl.invoke(DelegatingMethodAccessorImpl.java:43)
		at java.lang.reflect.Method.invoke(Method.java:497)
		at cj.studio.ecm.adapter.AdapterInterrupter.invoke(AdapterInterrupter.java:129)
		at cj.studio.ecm.adapter.IActuator$$EnhancerByCGLIB$$9e688d8c.exeCommand(<generated>:-1)
		at cj.studio.cde.start.Main.main(Main.java:94)
2016å¹´09æœˆ14æ—¥ 00:13:15  é”™è¯¯: cj.studio.cde.tools.pd.PdConsole - ä¸è®¤è¯†çš„å‘½ä»¤ï¼šivew
2016å¹´09æœˆ14æ—¥ 00:13:26  é”™è¯¯: cj.studio.cde.tools.pd.PdConsole -  å¼‚å¸¸ï¼šjava.lang.NullPointerException
		at cj.studio.cde.PhenomenonDisk.getPhenomenons(PhenomenonDisk.java:496)
		at cj.studio.cde.tools.pd.command.LsPhenCommand.doCommand(LsPhenCommand.java:25)
		at cj.studio.cde.tools.Console.monitor(Console.java:109)
		at cj.studio.cde.tools.pd.PdConsole.monitor(PdConsole.java:28)
		at cj.studio.cde.tools.disk.command.OpenPdCommand.doCommand(OpenPdCommand.java:50)
		at cj.studio.cde.tools.Console.monitor(Console.java:109)
		at cj.studio.cde.tools.disk.DiskConsole.monitor(DiskConsole.java:31)
		at cj.studio.cde.tools.CdeMain.main(CdeMain.java:43)
		at sun.reflect.NativeMethodAccessorImpl.invoke0(NativeMethodAccessorImpl.java:-2)
		at sun.reflect.NativeMethodAccessorImpl.invoke(NativeMethodAccessorImpl.java:62)
		at sun.reflect.DelegatingMethodAccessorImpl.invoke(DelegatingMethodAccessorImpl.java:43)
		at java.lang.reflect.Method.invoke(Method.java:497)
		at cj.studio.ecm.adapter.AdapterInterrupter.invoke(AdapterInterrupter.java:129)
		at cj.studio.ecm.adapter.IActuator$$EnhancerByCGLIB$$9e688d8c.exeCommand(<generated>:-1)
		at cj.studio.cde.start.Main.main(Main.java:94)
2016å¹´09æœˆ14æ—¥ 00:13:30  é”™è¯¯: cj.studio.cde.tools.pd.PdConsole - invalid hexadecimal representation of an ObjectId: [v]
2016å¹´09æœˆ14æ—¥ 15:51:31  é”™è¯¯: cj.studio.cde.tools.pd.PdConsole - åˆ†æ”¯æœªæŒ‡å®šåˆ›å»ºè€…
2016å¹´09æœˆ14æ—¥ 15:52:04  é”™è¯¯: cj.studio.cde.tools.pd.PdConsole - åˆ†æ”¯æœªæŒ‡å®šåˆ›å»ºè€…
2016å¹´09æœˆ14æ—¥ 15:55:16  é”™è¯¯: cj.studio.cde.tools.pd.PdConsole - 2
2016å¹´09æœˆ14æ—¥ 16:01:51  é”™è¯¯: cj.studio.cde.tools.pd.PdConsole - 2
2016å¹´09æœˆ14æ—¥ 16:05:27  é”™è¯¯: cj.studio.cde.tools.pd.PdConsole - åˆ†æ”¯æœªæŒ‡å®šåˆ›å»ºè€…
2016å¹´09æœˆ14æ—¥ 16:07:16  é”™è¯¯: cj.studio.cde.tools.pd.PdConsole - äº‹è±¡ï¼š57d901ef933479da26ed1d19 çš„åˆ†æ”¯ï¼š57d901ef933479da26ed1d1aä¸Šå·²å­˜åœ¨é¡¹ï¼šå°é£"è«å…°è’‚"å°†è¢­é—½ç²¤
2016å¹´09æœˆ14æ—¥ 16:58:38  é”™è¯¯: cj.studio.cde.tools.pd.PdConsole - äº‹è±¡ï¼š57d9106d933479e0c8fca0fd çš„åˆ†æ”¯ï¼š57d9106d933479e0c8fca0feä¸Šå·²å­˜åœ¨é¡¹ï¼šè²æ€»ç»Ÿè¦è½°èµ°ç¾å›½ç‰¹ç§éƒ¨é˜Ÿ
2016å¹´09æœˆ14æ—¥ 17:03:35  é”™è¯¯: cj.studio.cde.tools.pd.PdConsole - ä¸è®¤è¯†çš„å‘½ä»¤ï¼šopen
2016å¹´09æœˆ14æ—¥ 19:12:24  é”™è¯¯: cj.studio.cde.tools.pd.PdConsole - ä¸è®¤è¯†çš„å‘½ä»¤ï¼šopen
2016å¹´09æœˆ15æ—¥ 00:03:35  é”™è¯¯: cj.studio.cde.tools.pd.PdConsole -  å¼‚å¸¸ï¼šjava.lang.NullPointerException
		at cj.studio.cde.PhenomenonDisk.getTrunk(PhenomenonDisk.java:87)
		at cj.studio.cde.PhenomenonDisk.mountPhenomenon(PhenomenonDisk.java:380)
		at cj.studio.cde.tools.pd.command.MountPhenCommand.doCommand(MountPhenCommand.java:56)
		at cj.studio.cde.tools.Console.monitor(Console.java:109)
		at cj.studio.cde.tools.pd.PdConsole.monitor(PdConsole.java:28)
		at cj.studio.cde.tools.disk.command.OpenPdCommand.doCommand(OpenPdCommand.java:50)
		at cj.studio.cde.tools.Console.monitor(Console.java:109)
		at cj.studio.cde.tools.disk.DiskConsole.monitor(DiskConsole.java:31)
		at cj.studio.cde.tools.CdeMain.main(CdeMain.java:43)
		at sun.reflect.NativeMethodAccessorImpl.invoke0(NativeMethodAccessorImpl.java:-2)
		at sun.reflect.NativeMethodAccessorImpl.invoke(NativeMethodAccessorImpl.java:62)
		at sun.reflect.DelegatingMethodAccessorImpl.invoke(DelegatingMethodAccessorImpl.java:43)
		at java.lang.reflect.Method.invoke(Method.java:497)
		at cj.studio.ecm.adapter.AdapterInterrupter.invoke(AdapterInterrupter.java:129)
		at cj.studio.ecm.adapter.IActuator$$EnhancerByCGLIB$$6a939ab4.exeCommand(<generated>:-1)
		at cj.studio.cde.start.Main.main(Main.java:94)
2016å¹´09æœˆ15æ—¥ 00:04:23  é”™è¯¯: cj.studio.cde.tools.pd.PdConsole -  å¼‚å¸¸ï¼šjava.lang.NullPointerException
		at cj.studio.cde.PhenomenonDisk.getTrunk(PhenomenonDisk.java:87)
		at cj.studio.cde.PhenomenonDisk.mountPhenomenon(PhenomenonDisk.java:380)
		at cj.studio.cde.tools.pd.command.MountPhenCommand.doCommand(MountPhenCommand.java:56)
		at cj.studio.cde.tools.Console.monitor(Console.java:109)
		at cj.studio.cde.tools.pd.PdConsole.monitor(PdConsole.java:28)
		at cj.studio.cde.tools.disk.command.OpenPdCommand.doCommand(OpenPdCommand.java:50)
		at cj.studio.cde.tools.Console.monitor(Console.java:109)
		at cj.studio.cde.tools.disk.DiskConsole.monitor(DiskConsole.java:31)
		at cj.studio.cde.tools.CdeMain.main(CdeMain.java:43)
		at sun.reflect.NativeMethodAccessorImpl.invoke0(NativeMethodAccessorImpl.java:-2)
		at sun.reflect.NativeMethodAccessorImpl.invoke(NativeMethodAccessorImpl.java:62)
		at sun.reflect.DelegatingMethodAccessorImpl.invoke(DelegatingMethodAccessorImpl.java:43)
		at java.lang.reflect.Method.invoke(Method.java:497)
		at cj.studio.ecm.adapter.AdapterInterrupter.invoke(AdapterInterrupter.java:129)
		at cj.studio.ecm.adapter.IActuator$$EnhancerByCGLIB$$6a939ab4.exeCommand(<generated>:-1)
		at cj.studio.cde.start.Main.main(Main.java:94)
2016å¹´09æœˆ15æ—¥ 00:06:45  é”™è¯¯: cj.studio.cde.tools.pd.PdConsole - æºäº‹è±¡:null ç¼ºå°‘å†…å®¹
2016å¹´09æœˆ15æ—¥ 00:10:17  é”™è¯¯: cj.studio.cde.tools.pd.PdConsole -  å¼‚å¸¸ï¼šjava.lang.NullPointerException
		at cj.studio.cde.tools.pd.command.ViewPhenCommand.doCommand(ViewPhenCommand.java:38)
		at cj.studio.cde.tools.Console.monitor(Console.java:109)
		at cj.studio.cde.tools.pd.PdConsole.monitor(PdConsole.java:28)
		at cj.studio.cde.tools.disk.command.OpenPdCommand.doCommand(OpenPdCommand.java:47)
		at cj.studio.cde.tools.Console.monitor(Console.java:109)
		at cj.studio.cde.tools.disk.DiskConsole.monitor(DiskConsole.java:31)
		at cj.studio.cde.tools.CdeMain.main(CdeMain.java:43)
		at sun.reflect.NativeMethodAccessorImpl.invoke0(NativeMethodAccessorImpl.java:-2)
		at sun.reflect.NativeMethodAccessorImpl.invoke(NativeMethodAccessorImpl.java:62)
		at sun.reflect.DelegatingMethodAccessorImpl.invoke(DelegatingMethodAccessorImpl.java:43)
		at java.lang.reflect.Method.invoke(Method.java:497)
		at cj.studio.ecm.adapter.AdapterInterrupter.invoke(AdapterInterrupter.java:129)
		at cj.studio.ecm.adapter.IActuator$$EnhancerByCGLIB$$6a939ab4.exeCommand(<generated>:-1)
		at cj.studio.cde.start.Main.main(Main.java:94)
2016å¹´09æœˆ15æ—¥ 00:18:48  é”™è¯¯: cj.studio.cde.tools.pd.PdConsole - ä¸è®¤è¯†çš„å‘½ä»¤ï¼šmountPhone
2016å¹´09æœˆ15æ—¥ 00:18:57  é”™è¯¯: cj.studio.cde.tools.pd.PdConsole - ä¸è®¤è¯†çš„å‘½ä»¤ï¼šmountPhon
2016å¹´09æœˆ15æ—¥ 00:19:05  é”™è¯¯: cj.studio.cde.tools.pd.PdConsole - ç›®æ ‡åˆ†æ”¯ä¸å­˜åœ¨.
2016å¹´09æœˆ15æ—¥ 00:19:40  é”™è¯¯: cj.studio.cde.tools.pd.PdConsole - äº‹è±¡ï¼š57d974a193347914714ebebe çš„åˆ†æ”¯ï¼š57d974a193347914714ebebfä¸Šå·²å­˜åœ¨é¡¹ï¼šç‹æ™“ä¸œä»»æ¹–åŒ—çœäººæ°‘æ”¿åºœä»£ç†çœé•¿
2016å¹´09æœˆ15æ—¥ 00:21:44  é”™è¯¯: cj.studio.cde.tools.pd.PdConsole -  å¼‚å¸¸ï¼šjava.lang.NullPointerException
		at cj.studio.cde.tools.pd.command.ViewPhenCommand.doCommand(ViewPhenCommand.java:38)
		at cj.studio.cde.tools.Console.monitor(Console.java:109)
		at cj.studio.cde.tools.pd.PdConsole.monitor(PdConsole.java:28)
		at cj.studio.cde.tools.disk.command.OpenPdCommand.doCommand(OpenPdCommand.java:47)
		at cj.studio.cde.tools.Console.monitor(Console.java:109)
		at cj.studio.cde.tools.disk.DiskConsole.monitor(DiskConsole.java:31)
		at cj.studio.cde.tools.CdeMain.main(CdeMain.java:43)
		at sun.reflect.NativeMethodAccessorImpl.invoke0(NativeMethodAccessorImpl.java:-2)
		at sun.reflect.NativeMethodAccessorImpl.invoke(NativeMethodAccessorImpl.java:62)
		at sun.reflect.DelegatingMethodAccessorImpl.invoke(DelegatingMethodAccessorImpl.java:43)
		at java.lang.reflect.Method.invoke(Method.java:497)
		at cj.studio.ecm.adapter.AdapterInterrupter.invoke(AdapterInterrupter.java:129)
		at cj.studio.ecm.adapter.IActuator$$EnhancerByCGLIB$$6a939ab4.exeCommand(<generated>:-1)
		at cj.studio.cde.start.Main.main(Main.java:94)
2016å¹´09æœˆ15æ—¥ 00:24:19  é”™è¯¯: cj.studio.cde.tools.pd.PdConsole - ç¼ºå°‘å‚æ•°ï¼š-c
2016å¹´09æœˆ15æ—¥ 00:24:41  é”™è¯¯: cj.studio.cde.tools.pd.PdConsole - Unrecognized option: -in
2016å¹´09æœˆ15æ—¥ 10:38:40  é”™è¯¯: cj.studio.cde.tools.pd.PdConsole -  å¼‚å¸¸ï¼šjava.lang.NullPointerException
		at cj.studio.cde.tools.pd.command.ViewPhenCommand.doCommand(ViewPhenCommand.java:38)
		at cj.studio.cde.tools.Console.monitor(Console.java:109)
		at cj.studio.cde.tools.pd.PdConsole.monitor(PdConsole.java:28)
		at cj.studio.cde.tools.disk.command.OpenPdCommand.doCommand(OpenPdCommand.java:47)
		at cj.studio.cde.tools.Console.monitor(Console.java:109)
		at cj.studio.cde.tools.disk.DiskConsole.monitor(DiskConsole.java:31)
		at cj.studio.cde.tools.CdeMain.main(CdeMain.java:43)
		at sun.reflect.NativeMethodAccessorImpl.invoke0(NativeMethodAccessorImpl.java:-2)
		at sun.reflect.NativeMethodAccessorImpl.invoke(NativeMethodAccessorImpl.java:62)
		at sun.reflect.DelegatingMethodAccessorImpl.invoke(DelegatingMethodAccessorImpl.java:43)
		at java.lang.reflect.Method.invoke(Method.java:497)
		at cj.studio.ecm.adapter.AdapterInterrupter.invoke(AdapterInterrupter.java:129)
		at cj.studio.ecm.adapter.IActuator$$EnhancerByCGLIB$$32b4c77a.exeCommand(<generated>:-1)
		at cj.studio.cde.start.Main.main(Main.java:94)
2016å¹´09æœˆ15æ—¥ 10:42:03  é”™è¯¯: cj.studio.cde.tools.pd.PdConsole - invalid hexadecimal representation of an ObjectId: [933993939]
2016å¹´09æœˆ17æ—¥ 00:48:22  é”™è¯¯: cj.studio.cde.tools.pd.PdConsole - ä¸è®¤è¯†çš„å‘½ä»¤ï¼šunountEntry
2016å¹´09æœˆ17æ—¥ 00:51:34  é”™è¯¯: cj.studio.cde.tools.pd.PdConsole - ä¸è®¤è¯†çš„å‘½ä»¤ï¼šunmount
2016å¹´09æœˆ17æ—¥ 00:51:40  é”™è¯¯: cj.studio.cde.tools.pd.PdConsole - é¡¹ä¸å­˜åœ¨ï¼š57d977bf933479162af9a693
2016å¹´09æœˆ17æ—¥ 01:21:01  é”™è¯¯: cj.studio.cde.tools.pd.PdConsole - ä¸è®¤è¯†çš„å‘½ä»¤ï¼šunmount
2016å¹´09æœˆ17æ—¥ 01:57:41  é”™è¯¯: cj.studio.cde.tools.pd.PdConsole - æ ¼å¼ï¼šç½‘ç›˜å->å­˜å‚¨ç©ºé—´->äº‹è±¡æ ‡è¯†
2016å¹´09æœˆ17æ—¥ 01:59:27  é”™è¯¯: cj.studio.cde.tools.pd.PdConsole - æ ¼å¼ï¼šç½‘ç›˜å->å­˜å‚¨ç©ºé—´->äº‹è±¡æ ‡è¯†
2016å¹´09æœˆ17æ—¥ 02:03:08  é”™è¯¯: cj.studio.cde.tools.pd.PdConsole - æ ¼å¼ï¼šç½‘ç›˜å->å­˜å‚¨ç©ºé—´->äº‹è±¡æ ‡è¯†
2016å¹´09æœˆ17æ—¥ 02:03:55  é”™è¯¯: cj.studio.cde.tools.pd.PdConsole - ä¸è®¤è¯†çš„å‘½ä»¤ï¼šivew
2016å¹´09æœˆ17æ—¥ 02:06:25  é”™è¯¯: cj.studio.cde.tools.pd.PdConsole - ç¼ºå°‘å‚æ•°ï¼š-c
2016å¹´09æœˆ17æ—¥ 02:07:10  é”™è¯¯: cj.studio.cde.tools.pd.PdConsole - æ ¼å¼ï¼šç½‘ç›˜å->å­˜å‚¨ç©ºé—´->äº‹è±¡æ ‡è¯†
2016å¹´09æœˆ17æ—¥ 02:10:04  é”™è¯¯: cj.studio.cde.tools.pd.PdConsole -  å¼‚å¸¸ï¼šjava.lang.NullPointerException
		at cj.studio.cde.PhenomenonDisk.getBranchFullPath(PhenomenonDisk.java:218)
		at cj.studio.cde.PhenomenonDisk.unmountEntry(PhenomenonDisk.java:500)
		at cj.studio.cde.tools.pd.command.unMountEntryCommand.doCommand(unMountEntryCommand.java:35)
		at cj.studio.cde.tools.Console.monitor(Console.java:109)
		at cj.studio.cde.tools.pd.PdConsole.monitor(PdConsole.java:28)
		at cj.studio.cde.tools.disk.command.OpenPdCommand.doCommand(OpenPdCommand.java:47)
		at cj.studio.cde.tools.Console.monitor(Console.java:109)
		at cj.studio.cde.tools.disk.DiskConsole.monitor(DiskConsole.java:31)
		at cj.studio.cde.tools.CdeMain.main(CdeMain.java:43)
		at sun.reflect.NativeMethodAccessorImpl.invoke0(NativeMethodAccessorImpl.java:-2)
		at sun.reflect.NativeMethodAccessorImpl.invoke(NativeMethodAccessorImpl.java:62)
		at sun.reflect.DelegatingMethodAccessorImpl.invoke(DelegatingMethodAccessorImpl.java:43)
		at java.lang.reflect.Method.invoke(Method.java:497)
		at cj.studio.ecm.adapter.AdapterInterrupter.invoke(AdapterInterrupter.java:129)
		at cj.studio.ecm.adapter.IActuator$$EnhancerByCGLIB$$24315aa1.exeCommand(<generated>:-1)
		at cj.studio.cde.start.Main.main(Main.java:94)
2016å¹´09æœˆ17æ—¥ 02:12:14  é”™è¯¯: cj.studio.cde.tools.pd.PdConsole -  å¼‚å¸¸ï¼šjava.lang.NullPointerException
		at cj.studio.cde.PhenomenonDisk.getBranchFullPath(PhenomenonDisk.java:218)
		at cj.studio.cde.PhenomenonDisk.unmountEntry(PhenomenonDisk.java:500)
		at cj.studio.cde.tools.pd.command.unMountEntryCommand.doCommand(unMountEntryCommand.java:35)
		at cj.studio.cde.tools.Console.monitor(Console.java:109)
		at cj.studio.cde.tools.pd.PdConsole.monitor(PdConsole.java:28)
		at cj.studio.cde.tools.disk.command.OpenPdCommand.doCommand(OpenPdCommand.java:47)
		at cj.studio.cde.tools.Console.monitor(Console.java:109)
		at cj.studio.cde.tools.disk.DiskConsole.monitor(DiskConsole.java:31)
		at cj.studio.cde.tools.CdeMain.main(CdeMain.java:43)
		at sun.reflect.NativeMethodAccessorImpl.invoke0(NativeMethodAccessorImpl.java:-2)
		at sun.reflect.NativeMethodAccessorImpl.invoke(NativeMethodAccessorImpl.java:62)
		at sun.reflect.DelegatingMethodAccessorImpl.invoke(DelegatingMethodAccessorImpl.java:43)
		at java.lang.reflect.Method.invoke(Method.java:497)
		at cj.studio.ecm.adapter.AdapterInterrupter.invoke(AdapterInterrupter.java:129)
		at cj.studio.ecm.adapter.IActuator$$EnhancerByCGLIB$$24315aa1.exeCommand(<generated>:-1)
		at cj.studio.cde.start.Main.main(Main.java:94)
2016å¹´09æœˆ17æ—¥ 02:24:52  é”™è¯¯: cj.studio.cde.tools.pd.PdConsole - ä¸è®¤è¯†çš„å‘½ä»¤ï¼šremoveBrach
2016å¹´09æœˆ17æ—¥ 02:25:38  é”™è¯¯: cj.studio.cde.tools.pd.PdConsole - æ ¼å¼ï¼šç½‘ç›˜å->å­˜å‚¨ç©ºé—´->äº‹è±¡æ ‡è¯†
2016å¹´09æœˆ17æ—¥ 02:25:49  é”™è¯¯: cj.studio.cde.tools.pd.PdConsole - æºäº‹è±¡:null ç¼ºå°‘å†…å®¹
2016å¹´09æœˆ17æ—¥ 02:30:17  é”™è¯¯: cj.studio.cde.tools.pd.PdConsole - ä¸è®¤è¯†çš„å‘½ä»¤ï¼šunountEntry
2016å¹´09æœˆ17æ—¥ 02:32:32  é”™è¯¯: cj.studio.cde.tools.pd.PdConsole - æ ¼å¼ï¼šç½‘ç›˜å->å­˜å‚¨ç©ºé—´->äº‹è±¡æ ‡è¯†
2016å¹´09æœˆ17æ—¥ 02:39:25  é”™è¯¯: cj.studio.cde.tools.pd.PdConsole - æ ¼å¼ï¼šç½‘ç›˜å->å­˜å‚¨ç©ºé—´->äº‹è±¡æ ‡è¯†
2016å¹´09æœˆ17æ—¥ 02:47:11  é”™è¯¯: cj.studio.cde.tools.pd.PdConsole - æ ¼å¼ï¼šç½‘ç›˜å->å­˜å‚¨ç©ºé—´->äº‹è±¡æ ‡è¯†
2016å¹´09æœˆ17æ—¥ 02:47:20  é”™è¯¯: cj.studio.cde.tools.pd.PdConsole - ä¸è®¤è¯†çš„å‘½ä»¤ï¼š57dc34b29334795bdb4cbae5
2016å¹´09æœˆ17æ—¥ 02:53:47  é”™è¯¯: cj.studio.cde.tools.pd.PdConsole - ä¸è®¤è¯†çš„å‘½ä»¤ï¼š57dc27b49334795520589a10
2016å¹´09æœˆ17æ—¥ 02:57:17  é”™è¯¯: cj.studio.cde.tools.pd.PdConsole - æ ¼å¼ï¼šç½‘ç›˜å->å­˜å‚¨ç©ºé—´->äº‹è±¡æ ‡è¯†
2016å¹´09æœˆ17æ—¥ 03:14:39  é”™è¯¯: cj.studio.cde.tools.pd.PdConsole - ä¸è®¤è¯†çš„å‘½ä»¤ï¼šlsCreators
2016å¹´09æœˆ17æ—¥ 03:15:59  é”™è¯¯: cj.studio.cde.tools.pd.PdConsole - ä¸è®¤è¯†çš„å‘½ä»¤ï¼šlscreator
2016å¹´10æœˆ28æ—¥ 14:58:46  é”™è¯¯: cj.studio.cde.tools.cat.CatConsole - Invalid BSON field name coordinates
2016å¹´10æœˆ28æ—¥ 15:01:34  é”™è¯¯: cj.studio.cde.tools.cat.CatConsole - Invalid BSON field name coordinates
2016å¹´10æœˆ28æ—¥ 15:32:26  é”™è¯¯: cj.studio.cde.tools.cat.CatConsole - ä¸è®¤è¯†çš„å‘½ä»¤ï¼š/Users/carocean/studio/cde/cmdtools/cde/catprimaries.json
2016å¹´10æœˆ28æ—¥ 16:29:12  é”™è¯¯: cj.studio.cde.tools.cat.CatConsole - åœ°å€æ ¼å¼é”™ã€‚ç¼ºå°‘ç«™ç‚¹
2016å¹´10æœˆ28æ—¥ 16:29:48  é”™è¯¯: cj.studio.cde.tools.cat.CatConsole - æœªæŒ‡å®šç¬¬ä¸‰çº§åˆ†ç±»ï¼Œå¹³è¡Œåˆ†ç±»ä¸€å®šå±äºä¸‰çº§åˆ†ç±»ä¸‹.è·¯å¾„ï¼šc2csite://
2016å¹´10æœˆ28æ—¥ 16:42:57  é”™è¯¯: cj.studio.cde.tools.cat.CatConsole - Format specifier '%s'
2016å¹´10æœˆ28æ—¥ 19:58:59  é”™è¯¯: cj.studio.cde.tools.cat.CatConsole - ç¼ºå°‘å‚æ•°ï¼šclazz
2016å¹´10æœˆ28æ—¥ 20:01:46  é”™è¯¯: cj.studio.cde.tools.cat.CatConsole - ç¼ºå°‘å‚æ•°ï¼šcolname
2016å¹´10æœˆ28æ—¥ 20:14:26  é”™è¯¯: cj.studio.cde.tools.cat.CatConsole - ä¸è®¤è¯†çš„å‘½ä»¤ï¼šSystem.out.println(String.format("\tè·¯å¾„ï¼š%s
2016å¹´10æœˆ28æ—¥ 20:17:03  é”™è¯¯: cj.studio.cde.tools.cat.CatConsole - Unrecognized option: -para
2016å¹´10æœˆ28æ—¥ 21:10:57  é”™è¯¯: cj.studio.cde.tools.cat.CatConsole - åœ°å€æ ¼å¼é”™ã€‚ç¼ºå°‘ç«™ç‚¹
2016å¹´10æœˆ28æ—¥ 22:20:56  é”™è¯¯: cj.studio.cde.tools.cat.CatConsole - ä¸è®¤è¯†çš„å‘½ä»¤ï¼šlslsdoc
2016å¹´10æœˆ28æ—¥ 22:21:56  é”™è¯¯: cj.studio.cde.tools.cat.CatConsole - åœ°å€æ ¼å¼é”™ã€‚ç¼ºå°‘ç«™ç‚¹
2016å¹´10æœˆ28æ—¥ 22:22:04  é”™è¯¯: cj.studio.cde.tools.cat.CatConsole - æœªæŒ‡å®šç¬¬ä¸‰çº§åˆ†ç±»ï¼Œå¹³è¡Œåˆ†ç±»ä¸€å®šå±äºä¸‰çº§åˆ†ç±»ä¸‹.è·¯å¾„ï¼šc2csite://
2016å¹´10æœˆ28æ—¥ 22:25:15  é”™è¯¯: cj.studio.cde.tools.cat.CatConsole - duplicate key: nianfenjijie
2016å¹´10æœˆ28æ—¥ 22:27:42  é”™è¯¯: cj.studio.cde.tools.cat.CatConsole - Unrecognized option: -para
2016å¹´10æœˆ28æ—¥ 22:28:46  é”™è¯¯: cj.studio.cde.tools.cat.CatConsole - Invalid BSON field name tuple.document
2016å¹´10æœˆ28æ—¥ 22:37:40  é”™è¯¯: cj.studio.cde.tools.cat.CatConsole - Unrecognized option: -p
2016å¹´10æœˆ29æ—¥ 19:28:11  é”™è¯¯: cj.studio.cde.tools.cat.CatConsole - åœ°å€æ ¼å¼é”™ã€‚ç¼ºå°‘ç«™ç‚¹
2016å¹´10æœˆ30æ—¥ 19:22:39  é”™è¯¯: cj.studio.cde.tools.disk.DiskConsole - ä¸è®¤è¯†çš„å‘½ä»¤ï¼šlsdoc
2016å¹´10æœˆ30æ—¥ 19:23:02  é”™è¯¯: cj.studio.cde.tools.disk.DiskConsole - ä¸å­˜åœ¨ç½‘ç›˜ï¼š$disk.data
2016å¹´10æœˆ30æ—¥ 19:29:29  é”™è¯¯: cj.studio.cde.tools.disk.DiskConsole - ä¸è®¤è¯†çš„å‘½ä»¤ï¼šlsdoc
2016å¹´12æœˆ16æ—¥ 01:22:11  é”™è¯¯: cj.studio.cde.tools.cat.CatConsole - /Users/cj/Desktop/1.txt (No such file or directory)
2016å¹´12æœˆ17æ—¥ 22:26:52  é”™è¯¯: cj.studio.cde.tools.cat.CatConsole - ç¼ºå°‘å‚æ•°ï¼š-from
2016å¹´12æœˆ17æ—¥ 22:27:02  é”™è¯¯: cj.studio.cde.tools.cat.CatConsole -  å¼‚å¸¸ï¼šjava.lang.NullPointerException
		at cj.studio.cde.site.SiteSchema.exportsToFile(SiteSchema.java:222)
		at cj.studio.cde.tools.cat.command.ExportsSchemaCommand2.doCommand(ExportsSchemaCommand2.java:38)
		at cj.studio.cde.tools.Console.monitor(Console.java:109)
		at cj.studio.cde.tools.cat.CatConsole.monitor(CatConsole.java:30)
		at cj.studio.cde.tools.disk.command.OpenSiteCommand.doCommand(OpenSiteCommand.java:49)
		at cj.studio.cde.tools.Console.monitor(Console.java:109)
		at cj.studio.cde.tools.disk.DiskConsole.monitor(DiskConsole.java:31)
		at cj.studio.cde.tools.CdeMain.main(CdeMain.java:43)
		at sun.reflect.NativeMethodAccessorImpl.invoke0(NativeMethodAccessorImpl.java:-2)
		at sun.reflect.NativeMethodAccessorImpl.invoke(NativeMethodAccessorImpl.java:62)
		at sun.reflect.DelegatingMethodAccessorImpl.invoke(DelegatingMethodAccessorImpl.java:43)
		at java.lang.reflect.Method.invoke(Method.java:497)
		at cj.studio.ecm.adapter.AdapterInterrupter.invoke(AdapterInterrupter.java:129)
		at cj.studio.ecm.adapter.IActuator$$EnhancerByCGLIB$$b9b9ee36.exeCommand(<generated>:-1)
		at cj.studio.cde.start.Main.main(Main.java:94)
2016å¹´12æœˆ17æ—¥ 22:41:07  é”™è¯¯: cj.studio.cde.tools.cat.CatConsole - å†²çªï¼šå·²å­˜åœ¨ç«™åï¼šsite.news
2016å¹´12æœˆ17æ—¥ 23:24:26  é”™è¯¯: cj.studio.cde.tools.cat.CatConsole - Unrecognized option: -from
2016å¹´12æœˆ17æ—¥ 23:24:35  é”™è¯¯: cj.studio.cde.tools.cat.CatConsole - ç¼ºå°‘å‚æ•°ï¼š-to
2016å¹´12æœˆ26æ—¥ 10:57:14  é”™è¯¯: cj.studio.cde.tools.cat.CatConsole - ä¸è®¤è¯†çš„å‘½ä»¤ï¼šimportpara/Users/carocean/studio/cde/cmdtools/cde/site.parallels-zhaopin.json
2017å¹´01æœˆ10æ—¥ 14:35:56  é”™è¯¯: cj.studio.cde.tools.cat.CatConsole - ä¸è®¤è¯†çš„å‘½ä»¤ï¼šlssite
2017å¹´01æœˆ10æ—¥ 14:40:58  é”™è¯¯: cj.studio.cde.tools.cat.CatConsole - Unrecognized option: -from
2017å¹´01æœˆ10æ—¥ 14:41:32  é”™è¯¯: cj.studio.cde.tools.cat.CatConsole - cj.ultimate.gson2.com.google.gson.stream.MalformedJsonException: Unterminated object at line 8 column 4
2017å¹´01æœˆ10æ—¥ 14:41:59  é”™è¯¯: cj.studio.cde.tools.cat.CatConsole - cj.ultimate.gson2.com.google.gson.stream.MalformedJsonException: Unterminated object at line 17 column 6
2017å¹´01æœˆ10æ—¥ 14:42:14  é”™è¯¯: cj.studio.cde.tools.cat.CatConsole - cj.ultimate.gson2.com.google.gson.stream.MalformedJsonException: Unterminated object at line 41 column 6
2017å¹´01æœˆ10æ—¥ 14:42:37  é”™è¯¯: cj.studio.cde.tools.cat.CatConsole - cj.ultimate.gson2.com.google.gson.stream.MalformedJsonException: Unterminated object at line 65 column 6
2017å¹´01æœˆ10æ—¥ 14:42:47  é”™è¯¯: cj.studio.cde.tools.cat.CatConsole - cj.ultimate.gson2.com.google.gson.stream.MalformedJsonException: Unterminated object at line 82 column 6
2017å¹´01æœˆ10æ—¥ 14:42:56  é”™è¯¯: cj.studio.cde.tools.cat.CatConsole - cj.ultimate.gson2.com.google.gson.stream.MalformedJsonException: Unterminated object at line 111 column 6
2017å¹´01æœˆ10æ—¥ 14:43:06  é”™è¯¯: cj.studio.cde.tools.cat.CatConsole - cj.ultimate.gson2.com.google.gson.stream.MalformedJsonException: Unterminated object at line 140 column 6
2017å¹´01æœˆ10æ—¥ 14:43:15  é”™è¯¯: cj.studio.cde.tools.cat.CatConsole - cj.ultimate.gson2.com.google.gson.stream.MalformedJsonException: Unterminated object at line 164 column 4
2017å¹´01æœˆ10æ—¥ 14:43:56  é”™è¯¯: cj.studio.cde.tools.cat.CatConsole - cj.ultimate.gson2.com.google.gson.stream.MalformedJsonException: Unterminated object at line 173 column 6
2017å¹´01æœˆ10æ—¥ 14:44:15  é”™è¯¯: cj.studio.cde.tools.cat.CatConsole - cj.ultimate.gson2.com.google.gson.stream.MalformedJsonException: Unterminated object at line 208 column 6
2017å¹´01æœˆ10æ—¥ 14:44:37  é”™è¯¯: cj.studio.cde.tools.cat.CatConsole - cj.ultimate.gson2.com.google.gson.stream.MalformedJsonException: Unterminated object at line 243 column 6
2017å¹´01æœˆ10æ—¥ 14:44:52  é”™è¯¯: cj.studio.cde.tools.cat.CatConsole - cj.ultimate.gson2.com.google.gson.stream.MalformedJsonException: Unterminated object at line 266 column 6
2017å¹´01æœˆ10æ—¥ 14:45:07  é”™è¯¯: cj.studio.cde.tools.cat.CatConsole - cj.ultimate.gson2.com.google.gson.stream.MalformedJsonException: Unterminated object at line 316 column 6
2017å¹´01æœˆ10æ—¥ 14:45:22  é”™è¯¯: cj.studio.cde.tools.cat.CatConsole - cj.ultimate.gson2.com.google.gson.stream.MalformedJsonException: Unterminated object at line 345 column 6
2017å¹´01æœˆ10æ—¥ 14:45:53  é”™è¯¯: cj.studio.cde.tools.cat.CatConsole - cj.ultimate.gson2.com.google.gson.stream.MalformedJsonException: Unterminated object at line 386 column 6
2017å¹´01æœˆ10æ—¥ 14:46:14  é”™è¯¯: cj.studio.cde.tools.cat.CatConsole - cj.ultimate.gson2.com.google.gson.stream.MalformedJsonException: Unterminated object at line 434 column 6
2017å¹´01æœˆ10æ—¥ 15:35:43  é”™è¯¯: cj.studio.cde.tools.cat.CatConsole - cj.ultimate.gson2.com.google.gson.stream.MalformedJsonException: Unterminated object at line 17 column 6
2017å¹´01æœˆ10æ—¥ 15:36:26  é”™è¯¯: cj.studio.cde.tools.cat.CatConsole - cj.ultimate.gson2.com.google.gson.stream.MalformedJsonException: Unterminated object at line 64 column 6
2017å¹´01æœˆ10æ—¥ 15:36:39  é”™è¯¯: cj.studio.cde.tools.cat.CatConsole - ä¸è®¤è¯†çš„å‘½ä»¤ï¼š/Users/carocean/studio/cde/cmdtools/cde/wi-go.json
2017å¹´01æœˆ10æ—¥ 15:36:46  é”™è¯¯: cj.studio.cde.tools.cat.CatConsole - cj.ultimate.gson2.com.google.gson.stream.MalformedJsonException: Unterminated object at line 105 column 6
2017å¹´01æœˆ10æ—¥ 15:36:55  é”™è¯¯: cj.studio.cde.tools.cat.CatConsole - cj.ultimate.gson2.com.google.gson.stream.MalformedJsonException: Unterminated object at line 152 column 6
2017å¹´01æœˆ10æ—¥ 15:37:05  é”™è¯¯: cj.studio.cde.tools.cat.CatConsole - cj.ultimate.gson2.com.google.gson.stream.MalformedJsonException: Unterminated object at line 221 column 6
2017å¹´01æœˆ10æ—¥ 15:37:14  é”™è¯¯: cj.studio.cde.tools.cat.CatConsole - cj.ultimate.gson2.com.google.gson.stream.MalformedJsonException: Unterminated object at line 268 column 6
2017å¹´01æœˆ10æ—¥ 15:37:23  é”™è¯¯: cj.studio.cde.tools.cat.CatConsole - cj.ultimate.gson2.com.google.gson.stream.MalformedJsonException: Unterminated object at line 309 column 6
2017å¹´01æœˆ10æ—¥ 15:41:26  é”™è¯¯: cj.studio.cde.tools.cat.CatConsole - å†²çªï¼å·²å­˜åœ¨ä¸€çº§åˆ†ç±»ï¼šwigo-atm
2017å¹´01æœˆ10æ—¥ 22:42:33  é”™è¯¯: cj.studio.cde.tools.cat.CatConsole - duplicate key: cpgl
2017å¹´01æœˆ10æ—¥ 22:45:53  é”™è¯¯: cj.studio.cde.tools.cat.CatConsole - å†²çªï¼å·²å­˜åœ¨ä¸€çº§åˆ†ç±»ï¼šgkk
2017å¹´01æœˆ12æ—¥ 13:54:00  é”™è¯¯: cj.studio.cde.tools.cat.CatConsole - å†²çªï¼šå·²å­˜åœ¨ç«™åï¼šsite.wigo
2017å¹´01æœˆ12æ—¥ 13:54:39  é”™è¯¯: cj.studio.cde.tools.cat.CatConsole - å†²çªï¼šå·²å­˜åœ¨ç«™åï¼šsite.wigo
2017å¹´01æœˆ12æ—¥ 13:54:48  é”™è¯¯: cj.studio.cde.tools.cat.CatConsole - å†²çªï¼šå·²å­˜åœ¨ç«™åï¼šsite.wisdoms
2017å¹´01æœˆ12æ—¥ 13:55:08  é”™è¯¯: cj.studio.cde.tools.cat.CatConsole - å†²çªï¼šå·²å­˜åœ¨ç«™åï¼šsite.wisdoms
2017å¹´01æœˆ12æ—¥ 14:06:39  é”™è¯¯: cj.studio.cde.tools.cat.CatConsole - ç¼ºå°‘å‚æ•°ï¼š-to
2017å¹´01æœˆ12æ—¥ 14:31:34  é”™è¯¯: cj.studio.cde.tools.cat.CatConsole - ä¸è®¤è¯†çš„å‘½ä»¤ï¼šimport
2017å¹´01æœˆ12æ—¥ 14:32:07  é”™è¯¯: cj.studio.cde.tools.cat.CatConsole - ä¸è®¤è¯†çš„å‘½ä»¤ï¼šimport
2017å¹´03æœˆ08æ—¥ 19:53:29  é”™è¯¯: cj.studio.cde.tools.cat.CatConsole - å†²çªï¼šå·²å­˜åœ¨ç«™åï¼šsite.wisdoms
