#
# A fatal error has been detected by the Java Runtime Environment:
#
#  SIGSEGV (0xb) at pc=0x00007fff9cc60f49, pid=48838, tid=3079
#
# JRE version: Java(TM) SE Runtime Environment (8.0_65-b17) (build 1.8.0_65-b17)
# Java VM: Java HotSpot(TM) 64-Bit Server VM (25.65-b01 mixed mode bsd-amd64 compressed oops)
# Problematic frame:
# C  [libsystem_platform.dylib+0x4f49]  _platform_memmove$VARIANT$Haswell+0x29
#
# Failed to write core dump. Core dumps have been disabled. To enable core dumping, try "ulimit -c unlimited" before starting Java again
#
# If you would like to submit a bug report, please visit:
#   http://bugreport.java.com/bugreport/crash.jsp
# The crash happened outside the Java Virtual Machine in native code.
# See problematic frame for where to report the bug.
#

---------------  T H R E A D  ---------------

Current thread (0x00007fb7fb807000):  JavaThread "main" [_thread_in_native, id=3079, stack(0x000070000011a000,0x000070000021a000)]

siginfo: si_signo: 11 (SIGSEGV), si_code: 1 (SEGV_MAPERR), si_addr: 0x000000012515f000

Registers:
RAX=0x00007fb7fb509200, RBX=0x000000012515d826, RCX=0x000000000000789c, RDX=0x0000000000009048
RSP=0x0000700000217fd0, RBP=0x0000700000217fd0, RSI=0x000000012515f000, RDI=0x00007fb7fb50a9ac
R8 =0x0000000000000000, R9 =0x000000000000001c, R10=0x000000007c681e21, R11=0x00007fb6d63ab9ac
R12=0x0000000008080000, R13=0x0000000000000000, R14=0x000000006d050c00, R15=0x000000000000a000
RIP=0x00007fff9cc60f49, EFLAGS=0x0000000000010206, ERR=0x0000000000000004
  TRAPNO=0x000000000000000e

Top of Stack: (sp=0x0000700000217fd0)
0x0000700000217fd0:   0000700000218040 000000010f34f02d
0x0000700000217fe0:   0000000000000100 00000000000000a0
0x0000700000217ff0:   000000000000d6aa 00007fb7fb509200
0x0000700000218000:   0000000000009048 00007fb7fc81a9d0
0x0000700000218010:   00007fb7fa5f72f0 00007fb7fc81a9d0
0x0000700000218020:   00007fb7fc81ab80 00000000000000d0
0x0000700000218030:   0000000098a8dc9c 00007fb7fa46de50
0x0000700000218040:   00007000002180a0 000000010f34f554
0x0000700000218050:   00007000002180da 00007000002180d9
0x0000700000218060:   0000001a00000000 0000001b01807000
0x0000700000218070:   00007000002180be 0000700000218508
0x0000700000218080:   000000000000001b 00007000002180be
0x0000700000218090:   00007fb7fc81a9d0 00007fb7fb8071f8
0x00007000002180a0:   00007000002184f0 000000010f34e34f
0x00007000002180b0:   00000000ffffffff 6a63000100000001
0x00007000002180c0:   747265706f72702f 657373412f736569
0x00007000002180d0:   6f736a2e796c626d 000000010feb006e
0x00007000002180e0:   0000700000218128 00007fb7fb807000
0x00007000002180f0:   0000700000218110 000000010fdf19a6
0x0000700000218100:   0000000000000004 0000000000000004
0x0000700000218110:   0000700000218140 000000010fee6698
0x0000700000218120:   00007fb7fb807000 00007fb7fb807000
0x0000700000218130:   00000000000000bd 00007000002181b8
0x0000700000218140:   0000700000218198 0000000110baba66
0x0000700000218150:   00000007b01ae250 0000700000218158
0x0000700000218160:   0000000121ebf1fb 00007000002181b8
0x0000700000218170:   0000000121ebfc58 0000000000000000
0x0000700000218180:   0000000121ebf248 0000000100000000
0x0000700000218190:   00007000002181b8 0000700000218200
0x00007000002181a0:   0000000110b90c4d 00000007b01ae288
0x00007000002181b0:   00000007b01ae268 0000000000000000
0x00007000002181c0:   0000000000000001 0000000421ebf101 

Instructions: (pc=0x00007fff9cc60f49)
0x00007fff9cc60f29:   f3 48 89 f8 49 39 d3 72 1b 48 83 fa 60 76 2f 48
0x00007fff9cc60f39:   81 fa 00 40 00 00 0f 82 bb 00 00 00 48 89 d1 fc
0x00007fff9cc60f49:   f3 a4 5d c3 48 39 fe 74 f9 48 01 d6 48 01 d7 48
0x00007fff9cc60f59:   83 fa 60 0f 82 5c 01 00 00 e9 79 01 00 00 48 83 

Register to memory mapping:

RAX=0x00007fb7fb509200 is an unknown value
RBX=0x000000012515d826 is an unknown value
RCX=0x000000000000789c is an unknown value
RDX=0x0000000000009048 is an unknown value
RSP=0x0000700000217fd0 is pointing into the stack for thread: 0x00007fb7fb807000
RBP=0x0000700000217fd0 is pointing into the stack for thread: 0x00007fb7fb807000
RSI=0x000000012515f000 is an unknown value
RDI=0x00007fb7fb50a9ac is an unknown value
R8 =0x0000000000000000 is an unknown value
R9 =0x000000000000001c is an unknown value
R10=0x000000007c681e21 is an unknown value
R11=0x00007fb6d63ab9ac is an unknown value
R12=0x0000000008080000 is an unknown value
R13=0x0000000000000000 is an unknown value
R14=0x000000006d050c00 is an unknown value
R15=0x000000000000a000 is an unknown value


Stack: [0x000070000011a000,0x000070000021a000],  sp=0x0000700000217fd0,  free space=1015k
Native frames: (J=compiled Java code, j=interpreted, Vv=VM code, C=native code)
C  [libsystem_platform.dylib+0x4f49]  _platform_memmove$VARIANT$Haswell+0x29
C  [libzip.dylib+0x302d]  newEntry+0x2c8
C  [libzip.dylib+0x3554]  ZIP_GetEntry2+0xd4
C  [libzip.dylib+0x234f]  Java_java_util_zip_ZipFile_getEntry+0xcf
J 186  java.util.zip.ZipFile.getEntry(J[BZ)J (0 bytes) @ 0x0000000110cf558e [0x0000000110cf54c0+0xce]
J 210 C1 java.util.zip.ZipFile.getEntry(Ljava/lang/String;)Ljava/util/zip/ZipEntry; (86 bytes) @ 0x0000000110d0798c [0x0000000110d07720+0x26c]
J 209 C1 java.util.jar.JarFile.getEntry(Ljava/lang/String;)Ljava/util/zip/ZipEntry; (22 bytes) @ 0x0000000110d09764 [0x0000000110d096e0+0x84]
j  sun.net.www.protocol.jar.URLJarFile.getEntry(Ljava/lang/String;)Ljava/util/zip/ZipEntry;+2
j  sun.net.www.protocol.jar.JarURLConnection.connect()V+62
j  sun.net.www.protocol.jar.JarURLConnection.getInputStream()Ljava/io/InputStream;+1
j  java.net.URLClassLoader.getResourceAsStream(Ljava/lang/String;)Ljava/io/InputStream;+18
j  cj.studio.ecm.context.JsonAssemblyContext.<init>(Lcj/studio/ecm/resource/IResource;Ljava/lang/String;)V+72
j  cj.studio.ecm.Assembly.createAssemblyContext(Lcj/studio/ecm/resource/IResource;)Lcj/studio/ecm/IAssemblyContext;+70
j  cj.studio.ecm.Assembly.init()V+40
j  cj.studio.ecm.Assembly.load()V+45
j  cj.studio.ecm.Assembly.loadAssembly(Ljava/lang/String;)Lcj/studio/ecm/Assembly;+10
j  cj.lns.chip.sns.neuron.core.plugin.MountPlugContainer.loadAssembly(Ljava/io/File;)V+4
j  cj.lns.chip.sns.neuron.core.plugin.MountPlugContainer.refresh()V+57
j  cj.lns.chip.sns.neuron.tools.pc.cmd.PcRefreshCommand.doCommand(Lcj/lns/chip/sns/neuron/tools/CmdLine;)V+16
j  cj.lns.chip.sns.neuron.tools.Console.monitor(Lcj/lns/chip/sns/neuron/INeuron;[Ljava/lang/Object;)V+364
j  cj.lns.chip.sns.neuron.tools.cmd.PcCommand.doCommand(Lcj/lns/chip/sns/neuron/tools/CmdLine;)V+37
j  cj.lns.chip.sns.neuron.tools.Console.monitor(Lcj/lns/chip/sns/neuron/INeuron;[Ljava/lang/Object;)V+364
j  cj.lns.chip.sns.neuron.tools.NeuronConsole.monitor(Lcj/lns/chip/sns/neuron/INeuron;[Ljava/lang/Object;)V+33
j  cj.lns.chip.sns.neuron.tools.NeuronEntryPoint.main(Lorg/apache/commons/cli/CommandLine;)V+34
v  ~StubRoutines::call_stub
V  [libjvm.dylib+0x2eab02]
V  [libjvm.dylib+0x4caf38]
V  [libjvm.dylib+0x4cb46c]
V  [libjvm.dylib+0x342cb4]
j  sun.reflect.NativeMethodAccessorImpl.invoke0(Ljava/lang/reflect/Method;Ljava/lang/Object;[Ljava/lang/Object;)Ljava/lang/Object;+0
j  sun.reflect.NativeMethodAccessorImpl.invoke(Ljava/lang/Object;[Ljava/lang/Object;)Ljava/lang/Object;+100
j  sun.reflect.DelegatingMethodAccessorImpl.invoke(Ljava/lang/Object;[Ljava/lang/Object;)Ljava/lang/Object;+6
j  java.lang.reflect.Method.invoke(Ljava/lang/Object;[Ljava/lang/Object;)Ljava/lang/Object;+56
j  cj.studio.ecm.adapter.AdapterInterrupter.invoke(Ljava/lang/Object;Ljava/lang/reflect/Method;[Ljava/lang/Object;)Ljava/lang/Object;+482
j  cj.lns.chip.sns.neuron.tools.NeuronEntryPoint$$EnhancerByCGLIB$$16582531.exeCommand(Ljava/lang/String;[Ljava/lang/Object;)Ljava/lang/Object;+33
j  cj.lns.chip.sns.neuron.start.NeuronMain.main([Ljava/lang/String;)V+410
v  ~StubRoutines::call_stub
V  [libjvm.dylib+0x2eab02]
V  [libjvm.dylib+0x321814]
V  [libjvm.dylib+0x31a58e]
C  [java+0x393e]  JavaMain+0x9b1
C  [libsystem_pthread.dylib+0x3c13]  _pthread_body+0x83
C  [libsystem_pthread.dylib+0x3b90]  _pthread_body+0x0
C  [libsystem_pthread.dylib+0x1375]  thread_start+0xd
C  0x0000000000000000

Java frames: (J=compiled Java code, j=interpreted, Vv=VM code)
J 186  java.util.zip.ZipFile.getEntry(J[BZ)J (0 bytes) @ 0x0000000110cf5518 [0x0000000110cf54c0+0x58]
J 210 C1 java.util.zip.ZipFile.getEntry(Ljava/lang/String;)Ljava/util/zip/ZipEntry; (86 bytes) @ 0x0000000110d0798c [0x0000000110d07720+0x26c]
J 209 C1 java.util.jar.JarFile.getEntry(Ljava/lang/String;)Ljava/util/zip/ZipEntry; (22 bytes) @ 0x0000000110d09764 [0x0000000110d096e0+0x84]
j  sun.net.www.protocol.jar.URLJarFile.getEntry(Ljava/lang/String;)Ljava/util/zip/ZipEntry;+2
j  sun.net.www.protocol.jar.JarURLConnection.connect()V+62
j  sun.net.www.protocol.jar.JarURLConnection.getInputStream()Ljava/io/InputStream;+1
j  java.net.URLClassLoader.getResourceAsStream(Ljava/lang/String;)Ljava/io/InputStream;+18
j  cj.studio.ecm.context.JsonAssemblyContext.<init>(Lcj/studio/ecm/resource/IResource;Ljava/lang/String;)V+72
j  cj.studio.ecm.Assembly.createAssemblyContext(Lcj/studio/ecm/resource/IResource;)Lcj/studio/ecm/IAssemblyContext;+70
j  cj.studio.ecm.Assembly.init()V+40
j  cj.studio.ecm.Assembly.load()V+45
j  cj.studio.ecm.Assembly.loadAssembly(Ljava/lang/String;)Lcj/studio/ecm/Assembly;+10
j  cj.lns.chip.sns.neuron.core.plugin.MountPlugContainer.loadAssembly(Ljava/io/File;)V+4
j  cj.lns.chip.sns.neuron.core.plugin.MountPlugContainer.refresh()V+57
j  cj.lns.chip.sns.neuron.tools.pc.cmd.PcRefreshCommand.doCommand(Lcj/lns/chip/sns/neuron/tools/CmdLine;)V+16
j  cj.lns.chip.sns.neuron.tools.Console.monitor(Lcj/lns/chip/sns/neuron/INeuron;[Ljava/lang/Object;)V+364
j  cj.lns.chip.sns.neuron.tools.cmd.PcCommand.doCommand(Lcj/lns/chip/sns/neuron/tools/CmdLine;)V+37
j  cj.lns.chip.sns.neuron.tools.Console.monitor(Lcj/lns/chip/sns/neuron/INeuron;[Ljava/lang/Object;)V+364
j  cj.lns.chip.sns.neuron.tools.NeuronConsole.monitor(Lcj/lns/chip/sns/neuron/INeuron;[Ljava/lang/Object;)V+33
j  cj.lns.chip.sns.neuron.tools.NeuronEntryPoint.main(Lorg/apache/commons/cli/CommandLine;)V+34
v  ~StubRoutines::call_stub
j  sun.reflect.NativeMethodAccessorImpl.invoke0(Ljava/lang/reflect/Method;Ljava/lang/Object;[Ljava/lang/Object;)Ljava/lang/Object;+0
j  sun.reflect.NativeMethodAccessorImpl.invoke(Ljava/lang/Object;[Ljava/lang/Object;)Ljava/lang/Object;+100
j  sun.reflect.DelegatingMethodAccessorImpl.invoke(Ljava/lang/Object;[Ljava/lang/Object;)Ljava/lang/Object;+6
j  java.lang.reflect.Method.invoke(Ljava/lang/Object;[Ljava/lang/Object;)Ljava/lang/Object;+56
j  cj.studio.ecm.adapter.AdapterInterrupter.invoke(Ljava/lang/Object;Ljava/lang/reflect/Method;[Ljava/lang/Object;)Ljava/lang/Object;+482
j  cj.lns.chip.sns.neuron.tools.NeuronEntryPoint$$EnhancerByCGLIB$$16582531.exeCommand(Ljava/lang/String;[Ljava/lang/Object;)Ljava/lang/Object;+33
j  cj.lns.chip.sns.neuron.start.NeuronMain.main([Ljava/lang/String;)V+410
v  ~StubRoutines::call_stub

---------------  P R O C E S S  ---------------

Java Threads: ( => current thread )
  0x00007fb7fb4ec000 JavaThread "nioEventLoopGroup-2-1" [_thread_in_native, id=22275, stack(0x000070000127b000,0x000070000137b000)]
  0x00007fb7fb4cd800 JavaThread "Thread-5" [_thread_in_native, id=21251, stack(0x000070000114d000,0x000070000124d000)]
  0x00007fb7fb4cc800 JavaThread "Timer-0" [_thread_blocked, id=20999, stack(0x000070000104a000,0x000070000114a000)]
  0x00007fb7fb0ac000 JavaThread "Service Thread" daemon [_thread_blocked, id=18691, stack(0x0000700000e44000,0x0000700000f44000)]
  0x00007fb7fb0a9000 JavaThread "C1 CompilerThread2" daemon [_thread_blocked, id=18179, stack(0x0000700000d41000,0x0000700000e41000)]
  0x00007fb7fb067000 JavaThread "C2 CompilerThread1" daemon [_thread_blocked, id=17667, stack(0x0000700000c3e000,0x0000700000d3e000)]
  0x00007fb7fb095000 JavaThread "C2 CompilerThread0" daemon [_thread_blocked, id=17155, stack(0x0000700000b3b000,0x0000700000c3b000)]
  0x00007fb7fb094800 JavaThread "Signal Dispatcher" daemon [_thread_blocked, id=13839, stack(0x0000700000a38000,0x0000700000b38000)]
  0x00007fb7fb029000 JavaThread "Finalizer" daemon [_thread_blocked, id=12291, stack(0x000070000082f000,0x000070000092f000)]
  0x00007fb7fb028800 JavaThread "Reference Handler" daemon [_thread_blocked, id=11779, stack(0x000070000072c000,0x000070000082c000)]
=>0x00007fb7fb807000 JavaThread "main" [_thread_in_native, id=3079, stack(0x000070000011a000,0x000070000021a000)]

Other Threads:
  0x00007fb7fb026000 VMThread [stack: 0x0000700000629000,0x0000700000729000] [id=11267]
  0x00007fb7fc009000 WatcherThread [stack: 0x0000700000f47000,0x0000700001047000] [id=19203]

VM state:not at safepoint (normal execution)

VM Mutex/Monitor currently owned by a thread: None

Heap:
 PSYoungGen      total 27648K, used 14995K [0x00000007af580000, 0x00000007b2b80000, 0x00000007c0000000)
  eden space 25600K, 50% used [0x00000007af580000,0x00000007b0228be0,0x00000007b0e80000)
  from space 2048K, 99% used [0x00000007b0e80000,0x00000007b107c030,0x00000007b1080000)
  to   space 2048K, 0% used [0x00000007b2980000,0x00000007b2980000,0x00000007b2b80000)
 ParOldGen       total 34304K, used 5644K [0x000000078e000000, 0x0000000790180000, 0x00000007af580000)
  object space 34304K, 16% used [0x000000078e000000,0x000000078e583170,0x0000000790180000)
 Metaspace       used 18954K, capacity 19688K, committed 19968K, reserved 1067008K
  class space    used 2400K, capacity 2751K, committed 2816K, reserved 1048576K

Card table byte_map: [0x000000011ff49000,0x00000001200da000] byte_map_base: 0x000000011c2d9000

Marking Bits: (ParMarkBitMap*) 0x00000001104dee20
 Begin Bits: [0x00000001201e5000, 0x0000000120e65000)
 End Bits:   [0x0000000120e65000, 0x0000000121ae5000)

Polling page: 0x000000010f342000

CodeCache: size=245760Kb used=4994Kb max_used=4999Kb free=240765Kb
 bounds [0x0000000110b89000, 0x0000000111079000, 0x000000011fb89000]
 total_blobs=2018 nmethods=1621 adapters=310
 compilation: enabled

Compilation events (10 events):
Event: 11.936 Thread 0x00007fb7fb067000 nmethod 1612 0x0000000111064350 code [0x00000001110644a0, 0x0000000111064618]
Event: 58.599 Thread 0x00007fb7fb0a9000 1617       3       java.util.concurrent.atomic.AtomicBoolean::get (13 bytes)
Event: 58.599 Thread 0x00007fb7fb0a9000 nmethod 1617 0x0000000111069150 code [0x00000001110692c0, 0x0000000111069470]
Event: 62.611 Thread 0x00007fb7fb0a9000 1618       1       java.nio.channels.spi.AbstractSelector::cancelledKeys (5 bytes)
Event: 62.612 Thread 0x00007fb7fb0a9000 nmethod 1618 0x0000000111068e90 code [0x0000000111068fe0, 0x00000001110690f0]
Event: 64.617 Thread 0x00007fb7fb0a9000 1619       3       java.util.concurrent.ConcurrentLinkedQueue::updateHead (20 bytes)
Event: 64.618 Thread 0x00007fb7fb0a9000 nmethod 1619 0x0000000111068910 code [0x0000000111068a80, 0x0000000111068d90]
Event: 64.618 Thread 0x00007fb7fb0a9000 1620       3       io.netty.util.concurrent.ScheduledFutureTask::nanoTime (8 bytes)
Event: 64.618 Thread 0x00007fb7fb0a9000 nmethod 1620 0x000000011106d650 code [0x000000011106d7c0, 0x000000011106d910]
Event: 68.000 Thread 0x00007fb7fb0a9000 1621       3       java.io.File::<init> (47 bytes)

GC Heap History (6 events):
Event: 0.260 GC heap before
{Heap before GC invocations=1 (full 0):
 PSYoungGen      total 14848K, used 12800K [0x00000007af580000, 0x00000007b0600000, 0x00000007c0000000)
  eden space 12800K, 100% used [0x00000007af580000,0x00000007b0200000,0x00000007b0200000)
  from space 2048K, 0% used [0x00000007b0400000,0x00000007b0400000,0x00000007b0600000)
  to   space 2048K, 0% used [0x00000007b0200000,0x00000007b0200000,0x00000007b0400000)
 ParOldGen       total 34304K, used 0K [0x000000078e000000, 0x0000000790180000, 0x00000007af580000)
  object space 34304K, 0% used [0x000000078e000000,0x000000078e000000,0x0000000790180000)
 Metaspace       used 7421K, capacity 7552K, committed 7680K, reserved 1056768K
  class space    used 862K, capacity 916K, committed 1024K, reserved 1048576K
Event: 0.262 GC heap after
Heap after GC invocations=1 (full 0):
 PSYoungGen      total 14848K, used 2026K [0x00000007af580000, 0x00000007b1280000, 0x00000007c0000000)
  eden space 12800K, 0% used [0x00000007af580000,0x00000007af580000,0x00000007b0200000)
  from space 2048K, 98% used [0x00000007b0200000,0x00000007b03faae8,0x00000007b0400000)
  to   space 2048K, 0% used [0x00000007b1080000,0x00000007b1080000,0x00000007b1280000)
 ParOldGen       total 34304K, used 454K [0x000000078e000000, 0x0000000790180000, 0x00000007af580000)
  object space 34304K, 1% used [0x000000078e000000,0x000000078e071938,0x0000000790180000)
 Metaspace       used 7421K, capacity 7552K, committed 7680K, reserved 1056768K
  class space    used 862K, capacity 916K, committed 1024K, reserved 1048576K
}
Event: 0.448 GC heap before
{Heap before GC invocations=2 (full 0):
 PSYoungGen      total 14848K, used 14826K [0x00000007af580000, 0x00000007b1280000, 0x00000007c0000000)
  eden space 12800K, 100% used [0x00000007af580000,0x00000007b0200000,0x00000007b0200000)
  from space 2048K, 98% used [0x00000007b0200000,0x00000007b03faae8,0x00000007b0400000)
  to   space 2048K, 0% used [0x00000007b1080000,0x00000007b1080000,0x00000007b1280000)
 ParOldGen       total 34304K, used 454K [0x000000078e000000, 0x0000000790180000, 0x00000007af580000)
  object space 34304K, 1% used [0x000000078e000000,0x000000078e071938,0x0000000790180000)
 Metaspace       used 9692K, capacity 9888K, committed 9984K, reserved 1058816K
  class space    used 1164K, capacity 1225K, committed 1280K, reserved 1048576K
Event: 0.451 GC heap after
Heap after GC invocations=2 (full 0):
 PSYoungGen      total 27648K, used 2018K [0x00000007af580000, 0x00000007b1280000, 0x00000007c0000000)
  eden space 25600K, 0% used [0x00000007af580000,0x00000007af580000,0x00000007b0e80000)
  from space 2048K, 98% used [0x00000007b1080000,0x00000007b1278bc0,0x00000007b1280000)
  to   space 2048K, 0% used [0x00000007b0e80000,0x00000007b0e80000,0x00000007b1080000)
 ParOldGen       total 34304K, used 1201K [0x000000078e000000, 0x0000000790180000, 0x00000007af580000)
  object space 34304K, 3% used [0x000000078e000000,0x000000078e12c5b8,0x0000000790180000)
 Metaspace       used 9692K, capacity 9888K, committed 9984K, reserved 1058816K
  class space    used 1164K, capacity 1225K, committed 1280K, reserved 1048576K
}
Event: 0.909 GC heap before
{Heap before GC invocations=3 (full 0):
 PSYoungGen      total 27648K, used 27618K [0x00000007af580000, 0x00000007b1280000, 0x00000007c0000000)
  eden space 25600K, 100% used [0x00000007af580000,0x00000007b0e80000,0x00000007b0e80000)
  from space 2048K, 98% used [0x00000007b1080000,0x00000007b1278bc0,0x00000007b1280000)
  to   space 2048K, 0% used [0x00000007b0e80000,0x00000007b0e80000,0x00000007b1080000)
 ParOldGen       total 34304K, used 1201K [0x000000078e000000, 0x0000000790180000, 0x00000007af580000)
  object space 34304K, 3% used [0x000000078e000000,0x000000078e12c5b8,0x0000000790180000)
 Metaspace       used 16005K, capacity 16634K, committed 17024K, reserved 1064960K
  class space    used 2008K, capacity 2336K, committed 2432K, reserved 1048576K
Event: 0.915 GC heap after
Heap after GC invocations=3 (full 0):
 PSYoungGen      total 27648K, used 2032K [0x00000007af580000, 0x00000007b2b80000, 0x00000007c0000000)
  eden space 25600K, 0% used [0x00000007af580000,0x00000007af580000,0x00000007b0e80000)
  from space 2048K, 99% used [0x00000007b0e80000,0x00000007b107c030,0x00000007b1080000)
  to   space 2048K, 0% used [0x00000007b2980000,0x00000007b2980000,0x00000007b2b80000)
 ParOldGen       total 34304K, used 5644K [0x000000078e000000, 0x0000000790180000, 0x00000007af580000)
  object space 34304K, 16% used [0x000000078e000000,0x000000078e583170,0x0000000790180000)
 Metaspace       used 16005K, capacity 16634K, committed 17024K, reserved 1064960K
  class space    used 2008K, capacity 2336K, committed 2432K, reserved 1048576K
}

Deoptimization events (10 events):
Event: 0.128 Thread 0x00007fb7fb807000 Uncommon trap: reason=unstable_if action=reinterpret pc=0x0000000110cc1740 method=java.lang.String.indexOf(II)I @ 49
Event: 0.698 Thread 0x00007fb7fb807000 Uncommon trap: reason=unstable_if action=reinterpret pc=0x0000000110f1dc78 method=jdk.internal.org.objectweb.asm.Type.getArgumentsAndReturnSizes(Ljava/lang/String;)I @ 88
Event: 0.816 Thread 0x00007fb7fb807000 Uncommon trap: reason=unstable_if action=reinterpret pc=0x0000000110fa5d54 method=java.util.concurrent.ConcurrentHashMap.get(Ljava/lang/Object;)Ljava/lang/Object; @ 138
Event: 0.820 Thread 0x00007fb7fb807000 Uncommon trap: reason=unstable_if action=reinterpret pc=0x0000000110dc5c10 method=java.util.HashMap.getNode(ILjava/lang/Object;)Ljava/util/HashMap$Node; @ 129
Event: 0.840 Thread 0x00007fb7fb807000 Uncommon trap: reason=unstable_if action=reinterpret pc=0x0000000110fb1530 method=jdk.internal.org.objectweb.asm.Frame.pop()I @ 4
Event: 1.338 Thread 0x00007fb7fba7f000 Uncommon trap: reason=unstable_if action=reinterpret pc=0x0000000110cf2b48 method=java.lang.String.indexOf([CII[CIII)I @ 3
Event: 1.393 Thread 0x00007fb7fb807000 Uncommon trap: reason=unstable_if action=reinterpret pc=0x0000000110e0bd1c method=java.lang.String.lastIndexOf([CII[CIII)I @ 118
Event: 1.410 Thread 0x00007fb7fb807000 Uncommon trap: reason=unstable_if action=reinterpret pc=0x0000000110dece54 method=java.util.HashMap.getNode(ILjava/lang/Object;)Ljava/util/HashMap$Node; @ 129
Event: 1.410 Thread 0x00007fb7fb807000 Uncommon trap: reason=bimorphic action=maybe_recompile pc=0x000000011103a544 method=java.util.HashMap.putVal(ILjava/lang/Object;Ljava/lang/Object;ZZ)Ljava/lang/Object; @ 203
Event: 1.442 Thread 0x00007fb7fb807000 Uncommon trap: reason=bimorphic action=maybe_recompile pc=0x0000000111023834 method=java.util.HashMap.putVal(ILjava/lang/Object;Ljava/lang/Object;ZZ)Ljava/lang/Object; @ 203

Internal exceptions (10 events):
Event: 0.298 Thread 0x00007fb7fb807000 Exception <a 'java/lang/ClassNotFoundException': org/apache/log4j/PatternLayoutCustomizer> (0x00000007af850858) thrown at [/Users/java_re/workspace/8-2-build-macosx-x86_64/jdk8u65/4987/hotspot/src/share/vm/classfile/systemDictionary.cpp, line 210]
Event: 0.529 Thread 0x00007fb7fb807000 Exception <a 'java/lang/NoSuchFieldError': method resolution failed> (0x00000007af9aac78) thrown at [/Users/java_re/workspace/8-2-build-macosx-x86_64/jdk8u65/4987/hotspot/src/share/vm/prims/methodHandles.cpp, line 1146]
Event: 0.531 Thread 0x00007fb7fb807000 Exception <a 'java/lang/NoSuchFieldError': method resolution failed> (0x00000007af9b8368) thrown at [/Users/java_re/workspace/8-2-build-macosx-x86_64/jdk8u65/4987/hotspot/src/share/vm/prims/methodHandles.cpp, line 1146]
Event: 0.579 Thread 0x00007fb7fb807000 Exception <a 'java/lang/NullPointerException'> (0x00000007afc45ec8) thrown at [/Users/java_re/workspace/8-2-build-macosx-x86_64/jdk8u65/4987/hotspot/src/share/vm/prims/jni.cpp, line 735]
Event: 0.579 Thread 0x00007fb7fb807000 Exception <a 'java/lang/NullPointerException'> (0x00000007afc54750) thrown at [/Users/java_re/workspace/8-2-build-macosx-x86_64/jdk8u65/4987/hotspot/src/share/vm/prims/jni.cpp, line 735]
Event: 0.580 Thread 0x00007fb7fb807000 Exception <a 'java/lang/NullPointerException'> (0x00000007afc5d4c8) thrown at [/Users/java_re/workspace/8-2-build-macosx-x86_64/jdk8u65/4987/hotspot/src/share/vm/prims/jni.cpp, line 735]
Event: 0.580 Thread 0x00007fb7fb807000 Exception <a 'java/lang/NullPointerException'> (0x00000007afc66468) thrown at [/Users/java_re/workspace/8-2-build-macosx-x86_64/jdk8u65/4987/hotspot/src/share/vm/prims/jni.cpp, line 735]
Event: 0.580 Thread 0x00007fb7fb807000 Exception <a 'java/lang/NullPointerException'> (0x00000007afc6f718) thrown at [/Users/java_re/workspace/8-2-build-macosx-x86_64/jdk8u65/4987/hotspot/src/share/vm/prims/jni.cpp, line 735]
Event: 1.374 Thread 0x00007fb7fb807000 Exception <a 'java/lang/NoClassDefFoundError': javassist/ClassPath> (0x00000007afc71280) thrown at [/Users/java_re/workspace/8-2-build-macosx-x86_64/jdk8u65/4987/hotspot/src/share/vm/classfile/systemDictionary.cpp, line 199]
Event: 1.378 Thread 0x00007fb7fb807000 Exception <a 'java/io/FileNotFoundException'> (0x00000007afcbc6c0) thrown at [/Users/java_re/workspace/8-2-build-macosx-x86_64/jdk8u65/4987/hotspot/src/share/vm/prims/jni.cpp, line 709]

Events (10 events):
Event: 2.387 loading class java/util/PriorityQueue$Itr done
Event: 4.097 Executing VM operation: EnableBiasedLocking
Event: 4.098 Executing VM operation: EnableBiasedLocking done
Event: 5.949 loading class cj/lns/chip/sns/neuron/tools/CmdLine
Event: 5.949 loading class cj/lns/chip/sns/neuron/tools/CmdLine done
Event: 5.949 loading class cj/lns/chip/sns/neuron/tools/CmdLine
Event: 5.949 loading class cj/lns/chip/sns/neuron/tools/CmdLine done
Event: 60.978 loading class java/util/concurrent/ConcurrentHashMap$KeyIterator
Event: 60.978 loading class java/util/concurrent/ConcurrentHashMap$KeyIterator done
Event: 61.374 Thread 0x00007fb7fb4d9800 Thread exited: 0x00007fb7fb4d9800


Dynamic libraries:
0x00000000065c2000 	/System/Library/Frameworks/Cocoa.framework/Versions/A/Cocoa
0x00000000065c2000 	/System/Library/Frameworks/Security.framework/Versions/A/Security
0x00000000065c2000 	/System/Library/Frameworks/ApplicationServices.framework/Versions/A/ApplicationServices
0x00000000065c2000 	/usr/lib/libz.1.dylib
0x00000000065c2000 	/usr/lib/libSystem.B.dylib
0x00000000065c2000 	/usr/lib/libobjc.A.dylib
0x00000000065c2000 	/System/Library/Frameworks/CoreFoundation.framework/Versions/A/CoreFoundation
0x00000000065c2000 	/System/Library/Frameworks/Foundation.framework/Versions/C/Foundation
0x00000000065c2000 	/System/Library/Frameworks/AppKit.framework/Versions/C/AppKit
0x00000000065c2000 	/System/Library/Frameworks/CoreData.framework/Versions/A/CoreData
0x00000000065c2000 	/System/Library/PrivateFrameworks/RemoteViewServices.framework/Versions/A/RemoteViewServices
0x00000000065c2000 	/System/Library/PrivateFrameworks/UIFoundation.framework/Versions/A/UIFoundation
0x00000000065c2000 	/usr/lib/libScreenReader.dylib
0x00000000065c2000 	/System/Library/Frameworks/Accelerate.framework/Versions/A/Accelerate
0x00000000065c2000 	/System/Library/Frameworks/IOSurface.framework/Versions/A/IOSurface
0x00000000065c2000 	/System/Library/Frameworks/AudioToolbox.framework/Versions/A/AudioToolbox
0x00000000065c2000 	/System/Library/Frameworks/AudioUnit.framework/Versions/A/AudioUnit
0x00000000065c2000 	/System/Library/PrivateFrameworks/DataDetectorsCore.framework/Versions/A/DataDetectorsCore
0x00000000065c2000 	/System/Library/PrivateFrameworks/DesktopServicesPriv.framework/Versions/A/DesktopServicesPriv
0x00000000065c2000 	/System/Library/Frameworks/Carbon.framework/Versions/A/Frameworks/HIToolbox.framework/Versions/A/HIToolbox
0x00000000065c2000 	/System/Library/Frameworks/QuartzCore.framework/Versions/A/QuartzCore
0x00000000065c2000 	/System/Library/Frameworks/Carbon.framework/Versions/A/Frameworks/SpeechRecognition.framework/Versions/A/SpeechRecognition
0x00000000065c2000 	/usr/lib/libauto.dylib
0x00000000065c2000 	/usr/lib/libicucore.A.dylib
0x00000000065c2000 	/usr/lib/libxml2.2.dylib
0x00000000065c2000 	/System/Library/PrivateFrameworks/CoreUI.framework/Versions/A/CoreUI
0x00000000065c2000 	/System/Library/Frameworks/CoreAudio.framework/Versions/A/CoreAudio
0x00000000065c2000 	/System/Library/Frameworks/DiskArbitration.framework/Versions/A/DiskArbitration
0x00000000065c2000 	/usr/lib/liblangid.dylib
0x00000000065c2000 	/System/Library/PrivateFrameworks/MultitouchSupport.framework/Versions/A/MultitouchSupport
0x00000000065c2000 	/System/Library/Frameworks/IOKit.framework/Versions/A/IOKit
0x00000000065c2000 	/usr/lib/libDiagnosticMessagesClient.dylib
0x00000000065c2000 	/System/Library/Frameworks/CoreServices.framework/Versions/A/CoreServices
0x00000000065c2000 	/System/Library/PrivateFrameworks/PerformanceAnalysis.framework/Versions/A/PerformanceAnalysis
0x00000000065c2000 	/System/Library/PrivateFrameworks/GenerationalStorage.framework/Versions/A/GenerationalStorage
0x00000000065c2000 	/System/Library/Frameworks/OpenGL.framework/Versions/A/OpenGL
0x00000000065c2000 	/System/Library/PrivateFrameworks/Sharing.framework/Versions/A/Sharing
0x00000000065c2000 	/System/Library/Frameworks/CoreGraphics.framework/Versions/A/CoreGraphics
0x00000000065c2000 	/System/Library/Frameworks/CoreImage.framework/Versions/A/CoreImage
0x00000000065c2000 	/System/Library/Frameworks/CoreText.framework/Versions/A/CoreText
0x00000000065c2000 	/System/Library/Frameworks/ImageIO.framework/Versions/A/ImageIO
0x00000000065c2000 	/System/Library/PrivateFrameworks/Backup.framework/Versions/A/Backup
0x00000000065c2000 	/usr/lib/libextension.dylib
0x00000000065c2000 	/usr/lib/libarchive.2.dylib
0x00000000065c2000 	/System/Library/Frameworks/CFNetwork.framework/Versions/A/CFNetwork
0x00000000065c2000 	/System/Library/Frameworks/SystemConfiguration.framework/Versions/A/SystemConfiguration
0x00000000065c2000 	/usr/lib/libCRFSuite.dylib
0x00000000065c2000 	/usr/lib/libc++.1.dylib
0x00000000065c2000 	/usr/lib/libc++abi.dylib
0x00000000065c2000 	/usr/lib/system/libcache.dylib
0x00000000065c2000 	/usr/lib/system/libcommonCrypto.dylib
0x00000000065c2000 	/usr/lib/system/libcompiler_rt.dylib
0x00000000065c2000 	/usr/lib/system/libcopyfile.dylib
0x00000000065c2000 	/usr/lib/system/libcorecrypto.dylib
0x00000000065c2000 	/usr/lib/system/libdispatch.dylib
0x00000000065c2000 	/usr/lib/system/libdyld.dylib
0x00000000065c2000 	/usr/lib/system/libkeymgr.dylib
0x00000000065c2000 	/usr/lib/system/liblaunch.dylib
0x00000000065c2000 	/usr/lib/system/libmacho.dylib
0x00000000065c2000 	/usr/lib/system/libquarantine.dylib
0x00000000065c2000 	/usr/lib/system/libremovefile.dylib
0x00000000065c2000 	/usr/lib/system/libsystem_asl.dylib
0x00000000065c2000 	/usr/lib/system/libsystem_blocks.dylib
0x00000000065c2000 	/usr/lib/system/libsystem_c.dylib
0x00000000065c2000 	/usr/lib/system/libsystem_configuration.dylib
0x00000000065c2000 	/usr/lib/system/libsystem_coreservices.dylib
0x00000000065c2000 	/usr/lib/system/libsystem_coretls.dylib
0x00000000065c2000 	/usr/lib/system/libsystem_dnssd.dylib
0x00000000065c2000 	/usr/lib/system/libsystem_info.dylib
0x00000000065c2000 	/usr/lib/system/libsystem_kernel.dylib
0x00000000065c2000 	/usr/lib/system/libsystem_m.dylib
0x00000000065c2000 	/usr/lib/system/libsystem_malloc.dylib
0x00000000065c2000 	/usr/lib/system/libsystem_network.dylib
0x00000000065c2000 	/usr/lib/system/libsystem_networkextension.dylib
0x00000000065c2000 	/usr/lib/system/libsystem_notify.dylib
0x00000000065c2000 	/usr/lib/system/libsystem_platform.dylib
0x00000000065c2000 	/usr/lib/system/libsystem_pthread.dylib
0x00000000065c2000 	/usr/lib/system/libsystem_sandbox.dylib
0x00000000065c2000 	/usr/lib/system/libsystem_secinit.dylib
0x00000000065c2000 	/usr/lib/system/libsystem_trace.dylib
0x00000000065c2000 	/usr/lib/system/libunc.dylib
0x00000000065c2000 	/usr/lib/system/libunwind.dylib
0x00000000065c2000 	/usr/lib/system/libxpc.dylib
0x00000000065c2000 	/usr/lib/libenergytrace.dylib
0x00000000065c2000 	/usr/lib/libbsm.0.dylib
0x00000000065c2000 	/usr/lib/system/libkxld.dylib
0x00000000065c2000 	/usr/lib/libxar.1.dylib
0x00000000065c2000 	/usr/lib/libsqlite3.dylib
0x00000000065c2000 	/usr/lib/libpam.2.dylib
0x00000000065c2000 	/usr/lib/libOpenScriptingUtil.dylib
0x00000000065c2000 	/usr/lib/libbz2.1.0.dylib
0x00000000065c2000 	/usr/lib/liblzma.5.dylib
0x00000000065c2000 	/System/Library/Frameworks/CoreServices.framework/Versions/A/Frameworks/FSEvents.framework/Versions/A/FSEvents
0x00000000065c2000 	/System/Library/Frameworks/CoreServices.framework/Versions/A/Frameworks/CarbonCore.framework/Versions/A/CarbonCore
0x00000000065c2000 	/System/Library/Frameworks/CoreServices.framework/Versions/A/Frameworks/Metadata.framework/Versions/A/Metadata
0x00000000065c2000 	/System/Library/Frameworks/CoreServices.framework/Versions/A/Frameworks/OSServices.framework/Versions/A/OSServices
0x00000000065c2000 	/System/Library/Frameworks/CoreServices.framework/Versions/A/Frameworks/SearchKit.framework/Versions/A/SearchKit
0x00000000065c2000 	/System/Library/Frameworks/CoreServices.framework/Versions/A/Frameworks/AE.framework/Versions/A/AE
0x00000000065c2000 	/System/Library/Frameworks/CoreServices.framework/Versions/A/Frameworks/LaunchServices.framework/Versions/A/LaunchServices
0x00000000065c2000 	/System/Library/Frameworks/CoreServices.framework/Versions/A/Frameworks/DictionaryServices.framework/Versions/A/DictionaryServices
0x00000000065c2000 	/System/Library/Frameworks/CoreServices.framework/Versions/A/Frameworks/SharedFileList.framework/Versions/A/SharedFileList
0x00000000065c2000 	/System/Library/Frameworks/NetFS.framework/Versions/A/NetFS
0x00000000065c2000 	/System/Library/PrivateFrameworks/NetAuth.framework/Versions/A/NetAuth
0x00000000065c2000 	/System/Library/PrivateFrameworks/login.framework/Versions/A/Frameworks/loginsupport.framework/Versions/A/loginsupport
0x00000000065c2000 	/System/Library/PrivateFrameworks/TCC.framework/Versions/A/TCC
0x00000000065c2000 	/usr/lib/libmecabra.dylib
0x00000000065c2000 	/System/Library/Frameworks/ApplicationServices.framework/Versions/A/Frameworks/ATS.framework/Versions/A/ATS
0x00000000065c2000 	/System/Library/Frameworks/ApplicationServices.framework/Versions/A/Frameworks/ColorSync.framework/Versions/A/ColorSync
0x00000000065c2000 	/System/Library/Frameworks/ApplicationServices.framework/Versions/A/Frameworks/HIServices.framework/Versions/A/HIServices
0x00000000065c2000 	/System/Library/Frameworks/ApplicationServices.framework/Versions/A/Frameworks/LangAnalysis.framework/Versions/A/LangAnalysis
0x00000000065c2000 	/System/Library/Frameworks/ApplicationServices.framework/Versions/A/Frameworks/PrintCore.framework/Versions/A/PrintCore
0x00000000065c2000 	/System/Library/Frameworks/ApplicationServices.framework/Versions/A/Frameworks/QD.framework/Versions/A/QD
0x00000000065c2000 	/System/Library/Frameworks/ApplicationServices.framework/Versions/A/Frameworks/SpeechSynthesis.framework/Versions/A/SpeechSynthesis
0x00000000065c2000 	/System/Library/Frameworks/Metal.framework/Versions/A/Metal
0x00000000065c2000 	/System/Library/Frameworks/Accelerate.framework/Versions/A/Frameworks/vImage.framework/Versions/A/vImage
0x00000000065c2000 	/System/Library/Frameworks/Accelerate.framework/Versions/A/Frameworks/vecLib.framework/Versions/A/vecLib
0x00000000065c2000 	/System/Library/Frameworks/Accelerate.framework/Versions/A/Frameworks/vecLib.framework/Versions/A/libvDSP.dylib
0x00000000065c2000 	/System/Library/Frameworks/Accelerate.framework/Versions/A/Frameworks/vecLib.framework/Versions/A/libvMisc.dylib
0x00000000065c2000 	/System/Library/Frameworks/Accelerate.framework/Versions/A/Frameworks/vecLib.framework/Versions/A/libLAPACK.dylib
0x00000000065c2000 	/System/Library/Frameworks/Accelerate.framework/Versions/A/Frameworks/vecLib.framework/Versions/A/libBLAS.dylib
0x00000000065c2000 	/System/Library/Frameworks/Accelerate.framework/Versions/A/Frameworks/vecLib.framework/Versions/A/libLinearAlgebra.dylib
0x00000000065c2000 	/System/Library/Frameworks/Accelerate.framework/Versions/A/Frameworks/vecLib.framework/Versions/A/libSparseBLAS.dylib
0x00000000065c2000 	/System/Library/PrivateFrameworks/GPUCompiler.framework/libmetal_timestamp.dylib
0x00000000065c2000 	/System/Library/Frameworks/OpenGL.framework/Versions/A/Libraries/libCoreFSCache.dylib
0x00000000065c2000 	/System/Library/PrivateFrameworks/IOAccelerator.framework/Versions/A/IOAccelerator
0x00000000065c2000 	/System/Library/Frameworks/ApplicationServices.framework/Versions/A/Frameworks/ATS.framework/Versions/A/Resources/libFontParser.dylib
0x00000000065c2000 	/System/Library/Frameworks/ApplicationServices.framework/Versions/A/Frameworks/ATS.framework/Versions/A/Resources/libFontRegistry.dylib
0x00000000065c2000 	/System/Library/PrivateFrameworks/AppleVPA.framework/Versions/A/AppleVPA
0x00000000065c2000 	/System/Library/PrivateFrameworks/AppleJPEG.framework/Versions/A/AppleJPEG
0x00000000065c2000 	/System/Library/Frameworks/ImageIO.framework/Versions/A/Resources/libJPEG.dylib
0x00000000065c2000 	/System/Library/Frameworks/ImageIO.framework/Versions/A/Resources/libTIFF.dylib
0x00000000065c2000 	/System/Library/Frameworks/ImageIO.framework/Versions/A/Resources/libPng.dylib
0x00000000065c2000 	/System/Library/Frameworks/ImageIO.framework/Versions/A/Resources/libGIF.dylib
0x00000000065c2000 	/System/Library/Frameworks/ImageIO.framework/Versions/A/Resources/libJP2.dylib
0x00000000065c2000 	/System/Library/Frameworks/ImageIO.framework/Versions/A/Resources/libRadiance.dylib
0x00000000065c2000 	/System/Library/Frameworks/CoreVideo.framework/Versions/A/CoreVideo
0x00000000065c2000 	/System/Library/Frameworks/OpenGL.framework/Versions/A/Libraries/libGLU.dylib
0x00000000065c2000 	/System/Library/Frameworks/OpenGL.framework/Versions/A/Libraries/libGFXShared.dylib
0x00000000065c2000 	/System/Library/Frameworks/OpenGL.framework/Versions/A/Libraries/libGL.dylib
0x00000000065c2000 	/System/Library/Frameworks/OpenGL.framework/Versions/A/Libraries/libGLImage.dylib
0x00000000065c2000 	/System/Library/Frameworks/OpenGL.framework/Versions/A/Libraries/libCVMSPluginSupport.dylib
0x00000000065c2000 	/System/Library/Frameworks/OpenGL.framework/Versions/A/Libraries/libCoreVMClient.dylib
0x00000000065c2000 	/usr/lib/libcups.2.dylib
0x00000000065c2000 	/System/Library/Frameworks/Kerberos.framework/Versions/A/Kerberos
0x00000000065c2000 	/System/Library/Frameworks/GSS.framework/Versions/A/GSS
0x00000000065c2000 	/usr/lib/libresolv.9.dylib
0x00000000065c2000 	/usr/lib/libiconv.2.dylib
0x00000000065c2000 	/System/Library/PrivateFrameworks/Heimdal.framework/Versions/A/Heimdal
0x00000000065c2000 	/usr/lib/libheimdal-asn1.dylib
0x00000000065c2000 	/System/Library/Frameworks/OpenDirectory.framework/Versions/A/OpenDirectory
0x00000000065c2000 	/System/Library/PrivateFrameworks/CommonAuth.framework/Versions/A/CommonAuth
0x00000000065c2000 	/System/Library/Frameworks/OpenDirectory.framework/Versions/A/Frameworks/CFOpenDirectory.framework/Versions/A/CFOpenDirectory
0x00000000065c2000 	/System/Library/Frameworks/SecurityFoundation.framework/Versions/A/SecurityFoundation
0x00000000065c2000 	/System/Library/PrivateFrameworks/LanguageModeling.framework/Versions/A/LanguageModeling
0x00000000065c2000 	/usr/lib/libmarisa.dylib
0x00000000065c2000 	/usr/lib/libChineseTokenizer.dylib
0x00000000065c2000 	/usr/lib/libcmph.dylib
0x00000000065c2000 	/usr/lib/libcompression.dylib
0x00000000065c2000 	/System/Library/Frameworks/ServiceManagement.framework/Versions/A/ServiceManagement
0x00000000065c2000 	/usr/lib/libxslt.1.dylib
0x00000000065c2000 	/System/Library/Frameworks/Carbon.framework/Versions/A/Frameworks/Ink.framework/Versions/A/Ink
0x00000000065c2000 	/usr/lib/libFosl_dynamic.dylib
0x00000000065c2000 	/System/Library/PrivateFrameworks/FaceCore.framework/Versions/A/FaceCore
0x00000000065c2000 	/System/Library/Frameworks/OpenCL.framework/Versions/A/OpenCL
0x00000000065c2000 	/System/Library/PrivateFrameworks/CrashReporterSupport.framework/Versions/A/CrashReporterSupport
0x00000000065c2000 	/System/Library/PrivateFrameworks/IconServices.framework/Versions/A/IconServices
0x00000000065c2000 	/System/Library/PrivateFrameworks/Apple80211.framework/Versions/A/Apple80211
0x00000000065c2000 	/System/Library/Frameworks/CoreWLAN.framework/Versions/A/CoreWLAN
0x00000000065c2000 	/System/Library/Frameworks/IOBluetooth.framework/Versions/A/IOBluetooth
0x00000000065c2000 	/System/Library/PrivateFrameworks/CoreWiFi.framework/Versions/A/CoreWiFi
0x00000000065c2000 	/System/Library/Frameworks/CoreBluetooth.framework/Versions/A/CoreBluetooth
0x00000000065c2000 	/System/Library/PrivateFrameworks/ChunkingLibrary.framework/Versions/A/ChunkingLibrary
0x00000000065c2000 	/System/Library/PrivateFrameworks/DebugSymbols.framework/Versions/A/DebugSymbols
0x00000000065c2000 	/System/Library/PrivateFrameworks/CoreSymbolication.framework/Versions/A/CoreSymbolication
0x00000000065c2000 	/System/Library/PrivateFrameworks/Symbolication.framework/Versions/A/Symbolication
0x00000000065c2000 	/System/Library/PrivateFrameworks/SpeechRecognitionCore.framework/Versions/A/SpeechRecognitionCore
0x000000010f285000 	/System/Library/CoreServices/Encodings/libSimplifiedChineseConverter.dylib
0x000000010fc00000 	/Library/Java/JavaVirtualMachines/jdk1.8.0_65.jdk/Contents/Home/jre/lib/server/libjvm.dylib
0x00000000065c2000 	/usr/lib/libstdc++.6.dylib
0x000000010f2ff000 	/Library/Java/JavaVirtualMachines/jdk1.8.0_65.jdk/Contents/Home/jre/lib/libverify.dylib
0x000000010f30d000 	/Library/Java/JavaVirtualMachines/jdk1.8.0_65.jdk/Contents/Home/jre/lib/libjava.dylib
0x000000010f34c000 	/Library/Java/JavaVirtualMachines/jdk1.8.0_65.jdk/Contents/Home/jre/lib/libzip.dylib
0x0000000123680000 	/System/Library/Frameworks/JavaVM.framework/Frameworks/JavaRuntimeSupport.framework/JavaRuntimeSupport
0x000000012369b000 	/System/Library/Frameworks/JavaVM.framework/Versions/A/Frameworks/JavaNativeFoundation.framework/Versions/A/JavaNativeFoundation
0x00000001236b0000 	/System/Library/Frameworks/JavaVM.framework/Versions/A/JavaVM
0x00000000065c2000 	/System/Library/Frameworks/Carbon.framework/Versions/A/Carbon
0x00000001236bd000 	/System/Library/PrivateFrameworks/JavaLaunching.framework/Versions/A/JavaLaunching
0x00000000065c2000 	/System/Library/Frameworks/Carbon.framework/Versions/A/Frameworks/CommonPanels.framework/Versions/A/CommonPanels
0x00000000065c2000 	/System/Library/Frameworks/Carbon.framework/Versions/A/Frameworks/Help.framework/Versions/A/Help
0x00000000065c2000 	/System/Library/Frameworks/Carbon.framework/Versions/A/Frameworks/ImageCapture.framework/Versions/A/ImageCapture
0x00000000065c2000 	/System/Library/Frameworks/Carbon.framework/Versions/A/Frameworks/OpenScripting.framework/Versions/A/OpenScripting
0x00000000065c2000 	/System/Library/Frameworks/Carbon.framework/Versions/A/Frameworks/Print.framework/Versions/A/Print
0x00000000065c2000 	/System/Library/Frameworks/Carbon.framework/Versions/A/Frameworks/SecurityHI.framework/Versions/A/SecurityHI
0x0000000125123000 	/Library/Java/JavaVirtualMachines/jdk1.8.0_65.jdk/Contents/Home/jre/lib/libnet.dylib
0x000000012513a000 	/Library/Java/JavaVirtualMachines/jdk1.8.0_65.jdk/Contents/Home/jre/lib/libnio.dylib
0x000000012514a000 	/Library/Java/JavaVirtualMachines/jdk1.8.0_65.jdk/Contents/Home/jre/lib/libmanagement.dylib

VM Arguments:
jvm_args: -Xms50m -Xmx800m 
java_command: neuron-1.0.jar
java_class_path (initial): neuron-1.0.jar
Launcher Type: SUN_STANDARD

Environment Variables:
PATH=/usr/local/bin:/usr/bin:/bin:/usr/sbin:/sbin:/opt/X11/bin:/Users/carocean/studio/adt-bundle-mac-x86_64-20140702/sdk/tools:/Users/carocean/studio/adt-bundle-mac-x86_64-20140702/sdk/platform-tools:/Users/carocean/studio/apache-ant-1.9.4/bin:/usr/local/mysql/bin
SHELL=/bin/bash
DISPLAY=/private/tmp/com.apple.launchd.nZXza1estG/org.macosforge.xquartz:0

Signal Handlers:
SIGSEGV: [libjvm.dylib+0x5a6d31], sa_mask[0]=11111111011111110111111111111111, sa_flags=SA_ONSTACK|SA_RESTART|SA_SIGINFO
SIGBUS: [libjvm.dylib+0x5a6d31], sa_mask[0]=11111111011111110111111111111111, sa_flags=SA_RESTART|SA_SIGINFO
SIGFPE: [libjvm.dylib+0x480a40], sa_mask[0]=11111111011111110111111111111111, sa_flags=SA_RESTART|SA_SIGINFO
SIGPIPE: [libjvm.dylib+0x480a40], sa_mask[0]=11111111011111110111111111111111, sa_flags=SA_RESTART|SA_SIGINFO
SIGXFSZ: [libjvm.dylib+0x480a40], sa_mask[0]=11111111011111110111111111111111, sa_flags=SA_RESTART|SA_SIGINFO
SIGILL: [libjvm.dylib+0x480a40], sa_mask[0]=11111111011111110111111111111111, sa_flags=SA_RESTART|SA_SIGINFO
SIGUSR1: SIG_DFL, sa_mask[0]=11011111011111100000000111000110, sa_flags=none
SIGUSR2: [libjvm.dylib+0x48055e], sa_mask[0]=00000000000000000000000000000000, sa_flags=SA_RESTART|SA_SIGINFO
SIGHUP: [libjvm.dylib+0x47eb35], sa_mask[0]=11111111011111110111111111111111, sa_flags=SA_RESTART|SA_SIGINFO
SIGINT: [libjvm.dylib+0x47eb35], sa_mask[0]=11111111011111110111111111111111, sa_flags=SA_RESTART|SA_SIGINFO
SIGTERM: [libjvm.dylib+0x47eb35], sa_mask[0]=11111111011111110111111111111111, sa_flags=SA_RESTART|SA_SIGINFO
SIGQUIT: [libjvm.dylib+0x47eb35], sa_mask[0]=11111111011111110111111111111111, sa_flags=SA_RESTART|SA_SIGINFO


---------------  S Y S T E M  ---------------

OS:Bsduname:Darwin 15.3.0 Darwin Kernel Version 15.3.0: Thu Dec 10 18:40:58 PST 2015; root:xnu-3248.30.4~1/RELEASE_X86_64 x86_64
rlimit: STACK 8192k, CORE 0k, NPROC 709, NOFILE 10240, AS infinity
load average:2.09 1.97 1.98

CPU:total 4 (2 cores per cpu, 2 threads per core) family 6 model 69 stepping 1, cmov, cx8, fxsr, mmx, sse, sse2, sse3, ssse3, sse4.1, sse4.2, popcnt, avx, avx2, aes, clmul, erms, lzcnt, ht, tsc, tscinvbit, bmi1, bmi2

Memory: 4k page, physical 8388608k(820144k free)

/proc/meminfo:


vm_info: Java HotSpot(TM) 64-Bit Server VM (25.65-b01) for bsd-amd64 JRE (1.8.0_65-b17), built on Oct  6 2015 15:36:46 by "java_re" with gcc 4.2.1 (Based on Apple Inc. build 5658) (LLVM build 2336.11.00)

time: Sun Mar 13 22:25:05 2016
elapsed time: 68 seconds (0d 0h 1m 8s)

