#
# A fatal error has been detected by the Java Runtime Environment:
#
#  SIGSEGV (0xb) at pc=0x00007fff9cc6104c, pid=48874, tid=3335
#
# JRE version: Java(TM) SE Runtime Environment (8.0_65-b17) (build 1.8.0_65-b17)
# Java VM: Java HotSpot(TM) 64-Bit Server VM (25.65-b01 mixed mode bsd-amd64 compressed oops)
# Problematic frame:
# C  [libsystem_platform.dylib+0x504c]  _platform_memmove$VARIANT$Haswell+0x12c
#
# Failed to write core dump. Core dumps have been disabled. To enable core dumping, try "ulimit -c unlimited" before starting Java again
#
# If you would like to submit a bug report, please visit:
#   http://bugreport.java.com/bugreport/crash.jsp
# The crash happened outside the Java Virtual Machine in native code.
# See problematic frame for where to report the bug.
#

---------------  T H R E A D  ---------------

Current thread (0x00007f9d4a006000):  JavaThread "main" [_thread_in_native, id=3335, stack(0x000070000011a000,0x000070000021a000)]

siginfo: si_signo: 11 (SIGSEGV), si_code: 1 (SEGV_MAPERR), si_addr: 0x000000011e607000

Registers:
RAX=0x00007f9d488fe800, RBX=0x000000011e605833, RCX=0x0000000000000020, RDX=0x0000000000000360
RSP=0x0000700000217fd0, RBP=0x0000700000217fd0, RSI=0x000000011e606fc1, RDI=0x00007f9d488fff60
R8 =0x0000000000000000, R9 =0x0000000000000024, R10=0x000000003b9c1c5b, R11=0x00007f9c2a2f8f9f
R12=0x000000000001d6aa, R13=0x00000000000e0981, R14=0x0000000000031300, R15=0x0000000000000000
RIP=0x00007fff9cc6104c, EFLAGS=0x0000000000010206, ERR=0x0000000000000004
  TRAPNO=0x000000000000000e

Top of Stack: (sp=0x0000700000217fd0)
0x0000700000217fd0:   0000700000218040 00000001087cf02d
0x0000700000217fe0:   0000000000000100 0000000000000000
0x0000700000217ff0:   0000000000000000 00007f9d488fe800
0x0000700000218000:   0000000000001b00 00007f9d4a82f490
0x0000700000218010:   00007f9d4a832060 00007f9d4a82f490
0x0000700000218020:   00007f9d4a82f640 00000000000000d0
0x0000700000218030:   0000000098a8dc9c 00007f9d4a9048b0
0x0000700000218040:   00007000002180a0 00000001087cf554
0x0000700000218050:   00007000002180da 00007000002180d9
0x0000700000218060:   0000001a00000000 0000001b01006000
0x0000700000218070:   00007000002180be 0000700000218508
0x0000700000218080:   000000000000001b 00007000002180be
0x0000700000218090:   00007f9d4a82f490 00007f9d4a0061f8
0x00007000002180a0:   00007000002184f0 00000001087ce34f
0x00007000002180b0:   00000000ffffffff 6a63000100000001
0x00007000002180c0:   747265706f72702f 657373412f736569
0x00007000002180d0:   6f736a2e796c626d 00000001092b006e
0x00007000002180e0:   0000700000218128 00007f9d4a006000
0x00007000002180f0:   0000700000218110 00000001091f19a6
0x0000700000218100:   0000000000000004 0000000000000004
0x0000700000218110:   0000700000218140 00000001092e6698
0x0000700000218120:   00007f9d4a006000 00007f9d4a006000
0x0000700000218130:   00000000000000bd 00007000002181b8
0x0000700000218140:   0000700000218198 0000000109faba66
0x0000700000218150:   00000007b021c8c8 0000700000218158
0x0000700000218160:   000000011b2bec33 00007000002181b8
0x0000700000218170:   000000011b2bf690 0000000000000000
0x0000700000218180:   000000011b2bec80 0000000100000000
0x0000700000218190:   00007000002181b8 0000700000218200
0x00007000002181a0:   0000000109f90c4d 00000007b021c900
0x00007000002181b0:   00000007b021c8e0 0000000000000000
0x00007000002181c0:   0000000000000001 000000041b2bec01 

Instructions: (pc=0x00007fff9cc6104c)
0x00007fff9cc6102c:   80 00 00 00 76 4e 48 f7 c6 1f 00 00 00 74 25 c5
0x00007fff9cc6103c:   fc 29 0f c5 fc 29 57 20 48 83 c7 40 c5 fc 10 0e
0x00007fff9cc6104c:   c5 fc 10 56 20 48 83 c6 40 48 83 ea 40 77 e0 eb
0x00007fff9cc6105c:   23 0f 1f 00 c5 fc 29 0f c5 fc 29 57 20 48 83 c7 

Register to memory mapping:

RAX=0x00007f9d488fe800 is an unknown value
RBX=0x000000011e605833 is an unknown value
RCX=0x0000000000000020 is an unknown value
RDX=0x0000000000000360 is an unknown value
RSP=0x0000700000217fd0 is pointing into the stack for thread: 0x00007f9d4a006000
RBP=0x0000700000217fd0 is pointing into the stack for thread: 0x00007f9d4a006000
RSI=0x000000011e606fc1 is an unknown value
RDI=0x00007f9d488fff60 is an unknown value
R8 =0x0000000000000000 is an unknown value
R9 =0x0000000000000024 is an unknown value
R10=0x000000003b9c1c5b is an unknown value
R11=0x00007f9c2a2f8f9f is an unknown value
R12=0x000000000001d6aa is an unknown value
R13=0x00000000000e0981 is an unknown value
R14=0x0000000000031300 is an unknown value
R15=0x0000000000000000 is an unknown value


Stack: [0x000070000011a000,0x000070000021a000],  sp=0x0000700000217fd0,  free space=1015k
Native frames: (J=compiled Java code, j=interpreted, Vv=VM code, C=native code)
C  [libsystem_platform.dylib+0x504c]  _platform_memmove$VARIANT$Haswell+0x12c
C  [libzip.dylib+0x302d]  newEntry+0x2c8
C  [libzip.dylib+0x3554]  ZIP_GetEntry2+0xd4
C  [libzip.dylib+0x234f]  Java_java_util_zip_ZipFile_getEntry+0xcf
J 180  java.util.zip.ZipFile.getEntry(J[BZ)J (0 bytes) @ 0x000000010a0f27ce [0x000000010a0f2700+0xce]
J 205 C1 java.util.zip.ZipFile.getEntry(Ljava/lang/String;)Ljava/util/zip/ZipEntry; (86 bytes) @ 0x000000010a10714c [0x000000010a106ee0+0x26c]
J 204 C1 java.util.jar.JarFile.getEntry(Ljava/lang/String;)Ljava/util/zip/ZipEntry; (22 bytes) @ 0x000000010a107a24 [0x000000010a1079a0+0x84]
j  sun.net.www.protocol.jar.URLJarFile.getEntry(Ljava/lang/String;)Ljava/util/zip/ZipEntry;+2
j  sun.net.www.protocol.jar.JarURLConnection.connect()V+62
j  sun.net.www.protocol.jar.JarURLConnection.getInputStream()Ljava/io/InputStream;+1
j  java.net.URLClassLoader.getResourceAsStream(Ljava/lang/String;)Ljava/io/InputStream;+18
j  cj.studio.ecm.context.JsonAssemblyContext.<init>(Lcj/studio/ecm/resource/IResource;Ljava/lang/String;)V+72
j  cj.studio.ecm.Assembly.createAssemblyContext(Lcj/studio/ecm/resource/IResource;)Lcj/studio/ecm/IAssemblyContext;+70
j  cj.studio.ecm.Assembly.init()V+40
j  cj.studio.ecm.Assembly.load()V+45
j  cj.studio.ecm.Assembly.loadAssembly(Ljava/lang/String;)Lcj/studio/ecm/Assembly;+10
j  cj.lns.chip.sns.neuron.core.plugin.MountPlugContainer.loadAssembly(Ljava/io/File;)V+4
j  cj.lns.chip.sns.neuron.core.plugin.MountPlugContainer.refresh()V+57
j  cj.lns.chip.sns.neuron.tools.pc.cmd.PcRefreshCommand.doCommand(Lcj/lns/chip/sns/neuron/tools/CmdLine;)V+16
j  cj.lns.chip.sns.neuron.tools.Console.monitor(Lcj/lns/chip/sns/neuron/INeuron;[Ljava/lang/Object;)V+364
j  cj.lns.chip.sns.neuron.tools.cmd.PcCommand.doCommand(Lcj/lns/chip/sns/neuron/tools/CmdLine;)V+37
j  cj.lns.chip.sns.neuron.tools.Console.monitor(Lcj/lns/chip/sns/neuron/INeuron;[Ljava/lang/Object;)V+364
j  cj.lns.chip.sns.neuron.tools.NeuronConsole.monitor(Lcj/lns/chip/sns/neuron/INeuron;[Ljava/lang/Object;)V+33
j  cj.lns.chip.sns.neuron.tools.NeuronEntryPoint.main(Lorg/apache/commons/cli/CommandLine;)V+34
v  ~StubRoutines::call_stub
V  [libjvm.dylib+0x2eab02]  JavaCalls::call_helper(JavaValue*, methodHandle*, JavaCallArguments*, Thread*)+0x6ae
V  [libjvm.dylib+0x4caf38]  Reflection::invoke(instanceKlassHandle, methodHandle, Handle, bool, objArrayHandle, BasicType, objArrayHandle, bool, Thread*)+0xe12
V  [libjvm.dylib+0x4cb46c]  Reflection::invoke_method(oopDesc*, Handle, objArrayHandle, Thread*)+0x16c
V  [libjvm.dylib+0x342cb4]  JVM_InvokeMethod+0x166
j  sun.reflect.NativeMethodAccessorImpl.invoke0(Ljava/lang/reflect/Method;Ljava/lang/Object;[Ljava/lang/Object;)Ljava/lang/Object;+0
j  sun.reflect.NativeMethodAccessorImpl.invoke(Ljava/lang/Object;[Ljava/lang/Object;)Ljava/lang/Object;+100
j  sun.reflect.DelegatingMethodAccessorImpl.invoke(Ljava/lang/Object;[Ljava/lang/Object;)Ljava/lang/Object;+6
j  java.lang.reflect.Method.invoke(Ljava/lang/Object;[Ljava/lang/Object;)Ljava/lang/Object;+56
j  cj.studio.ecm.adapter.AdapterInterrupter.invoke(Ljava/lang/Object;Ljava/lang/reflect/Method;[Ljava/lang/Object;)Ljava/lang/Object;+482
j  cj.lns.chip.sns.neuron.tools.NeuronEntryPoint$$EnhancerByCGLIB$$16582531.exeCommand(Ljava/lang/String;[Ljava/lang/Object;)Ljava/lang/Object;+33
j  cj.lns.chip.sns.neuron.start.NeuronMain.main([Ljava/lang/String;)V+410
v  ~StubRoutines::call_stub
V  [libjvm.dylib+0x2eab02]  JavaCalls::call_helper(JavaValue*, methodHandle*, JavaCallArguments*, Thread*)+0x6ae
V  [libjvm.dylib+0x321814]  jni_invoke_static(JNIEnv_*, JavaValue*, _jobject*, JNICallType, _jmethodID*, JNI_ArgumentPusher*, Thread*)+0x1bf
V  [libjvm.dylib+0x31a58e]  jni_CallStaticVoidMethod+0x15d
C  [java+0x393e]  JavaMain+0x9b1
C  [libsystem_pthread.dylib+0x3c13]  _pthread_body+0x83
C  [libsystem_pthread.dylib+0x3b90]  _pthread_body+0x0
C  [libsystem_pthread.dylib+0x1375]  thread_start+0xd
C  0x0000000000000000

Java frames: (J=compiled Java code, j=interpreted, Vv=VM code)
J 180  java.util.zip.ZipFile.getEntry(J[BZ)J (0 bytes) @ 0x000000010a0f2758 [0x000000010a0f2700+0x58]
J 205 C1 java.util.zip.ZipFile.getEntry(Ljava/lang/String;)Ljava/util/zip/ZipEntry; (86 bytes) @ 0x000000010a10714c [0x000000010a106ee0+0x26c]
J 204 C1 java.util.jar.JarFile.getEntry(Ljava/lang/String;)Ljava/util/zip/ZipEntry; (22 bytes) @ 0x000000010a107a24 [0x000000010a1079a0+0x84]
j  sun.net.www.protocol.jar.URLJarFile.getEntry(Ljava/lang/String;)Ljava/util/zip/ZipEntry;+2
j  sun.net.www.protocol.jar.JarURLConnection.connect()V+62
j  sun.net.www.protocol.jar.JarURLConnection.getInputStream()Ljava/io/InputStream;+1
j  java.net.URLClassLoader.getResourceAsStream(Ljava/lang/String;)Ljava/io/InputStream;+18
j  cj.studio.ecm.context.JsonAssemblyContext.<init>(Lcj/studio/ecm/resource/IResource;Ljava/lang/String;)V+72
j  cj.studio.ecm.Assembly.createAssemblyContext(Lcj/studio/ecm/resource/IResource;)Lcj/studio/ecm/IAssemblyContext;+70
j  cj.studio.ecm.Assembly.init()V+40
j  cj.studio.ecm.Assembly.load()V+45
j  cj.studio.ecm.Assembly.loadAssembly(Ljava/lang/String;)Lcj/studio/ecm/Assembly;+10
j  cj.lns.chip.sns.neuron.core.plugin.MountPlugContainer.loadAssembly(Ljava/io/File;)V+4
j  cj.lns.chip.sns.neuron.core.plugin.MountPlugContainer.refresh()V+57
j  cj.lns.chip.sns.neuron.tools.pc.cmd.PcRefreshCommand.doCommand(Lcj/lns/chip/sns/neuron/tools/CmdLine;)V+16
j  cj.lns.chip.sns.neuron.tools.Console.monitor(Lcj/lns/chip/sns/neuron/INeuron;[Ljava/lang/Object;)V+364
j  cj.lns.chip.sns.neuron.tools.cmd.PcCommand.doCommand(Lcj/lns/chip/sns/neuron/tools/CmdLine;)V+37
j  cj.lns.chip.sns.neuron.tools.Console.monitor(Lcj/lns/chip/sns/neuron/INeuron;[Ljava/lang/Object;)V+364
j  cj.lns.chip.sns.neuron.tools.NeuronConsole.monitor(Lcj/lns/chip/sns/neuron/INeuron;[Ljava/lang/Object;)V+33
j  cj.lns.chip.sns.neuron.tools.NeuronEntryPoint.main(Lorg/apache/commons/cli/CommandLine;)V+34
v  ~StubRoutines::call_stub
j  sun.reflect.NativeMethodAccessorImpl.invoke0(Ljava/lang/reflect/Method;Ljava/lang/Object;[Ljava/lang/Object;)Ljava/lang/Object;+0
j  sun.reflect.NativeMethodAccessorImpl.invoke(Ljava/lang/Object;[Ljava/lang/Object;)Ljava/lang/Object;+100
j  sun.reflect.DelegatingMethodAccessorImpl.invoke(Ljava/lang/Object;[Ljava/lang/Object;)Ljava/lang/Object;+6
j  java.lang.reflect.Method.invoke(Ljava/lang/Object;[Ljava/lang/Object;)Ljava/lang/Object;+56
j  cj.studio.ecm.adapter.AdapterInterrupter.invoke(Ljava/lang/Object;Ljava/lang/reflect/Method;[Ljava/lang/Object;)Ljava/lang/Object;+482
j  cj.lns.chip.sns.neuron.tools.NeuronEntryPoint$$EnhancerByCGLIB$$16582531.exeCommand(Ljava/lang/String;[Ljava/lang/Object;)Ljava/lang/Object;+33
j  cj.lns.chip.sns.neuron.start.NeuronMain.main([Ljava/lang/String;)V+410
v  ~StubRoutines::call_stub

---------------  P R O C E S S  ---------------

Java Threads: ( => current thread )
  0x00007f9d48acc800 JavaThread "nioEventLoopGroup-2-1" [_thread_in_native, id=22275, stack(0x000070000127b000,0x000070000137b000)]
  0x00007f9d48abb800 JavaThread "process reaper" daemon [_thread_blocked, id=21767, stack(0x0000700001250000,0x0000700001278000)]
  0x00007f9d49178800 JavaThread "Thread-5" [_thread_in_native, id=21251, stack(0x000070000114d000,0x000070000124d000)]
  0x00007f9d48ae3800 JavaThread "Timer-0" [_thread_blocked, id=20999, stack(0x000070000104a000,0x000070000114a000)]
  0x00007f9d4909b000 JavaThread "Service Thread" daemon [_thread_blocked, id=18691, stack(0x0000700000e44000,0x0000700000f44000)]
  0x00007f9d49085000 JavaThread "C1 CompilerThread2" daemon [_thread_blocked, id=18179, stack(0x0000700000d41000,0x0000700000e41000)]
  0x00007f9d49084800 JavaThread "C2 CompilerThread1" daemon [_thread_blocked, id=17667, stack(0x0000700000c3e000,0x0000700000d3e000)]
  0x00007f9d49056800 JavaThread "C2 CompilerThread0" daemon [_thread_blocked, id=17155, stack(0x0000700000b3b000,0x0000700000c3b000)]
  0x00007f9d49055800 JavaThread "Signal Dispatcher" daemon [_thread_blocked, id=13839, stack(0x0000700000a38000,0x0000700000b38000)]
  0x00007f9d49000800 JavaThread "Finalizer" daemon [_thread_blocked, id=12291, stack(0x000070000082f000,0x000070000092f000)]
  0x00007f9d4a008800 JavaThread "Reference Handler" daemon [_thread_blocked, id=11779, stack(0x000070000072c000,0x000070000082c000)]
=>0x00007f9d4a006000 JavaThread "main" [_thread_in_native, id=3335, stack(0x000070000011a000,0x000070000021a000)]

Other Threads:
  0x00007f9d4884f800 VMThread [stack: 0x0000700000629000,0x0000700000729000] [id=11267]
  0x00007f9d49090800 WatcherThread [stack: 0x0000700000f47000,0x0000700001047000] [id=19203]

VM state:not at safepoint (normal execution)

VM Mutex/Monitor currently owned by a thread: None

Heap:
 PSYoungGen      total 27648K, used 15369K [0x00000007af580000, 0x00000007b1280000, 0x00000007c0000000)
  eden space 25600K, 52% used [0x00000007af580000,0x00000007b0286548,0x00000007b0e80000)
  from space 2048K, 99% used [0x00000007b1080000,0x00000007b127c030,0x00000007b1280000)
  to   space 2048K, 0% used [0x00000007b0e80000,0x00000007b0e80000,0x00000007b1080000)
 ParOldGen       total 34304K, used 5696K [0x000000078e000000, 0x0000000790180000, 0x00000007af580000)
  object space 34304K, 16% used [0x000000078e000000,0x000000078e590308,0x0000000790180000)
 Metaspace       used 18947K, capacity 19688K, committed 19968K, reserved 1067008K
  class space    used 2400K, capacity 2751K, committed 2816K, reserved 1048576K

Card table byte_map: [0x0000000119349000,0x00000001194da000] byte_map_base: 0x00000001156d9000

Marking Bits: (ParMarkBitMap*) 0x00000001098dee20
 Begin Bits: [0x00000001195e5000, 0x000000011a265000)
 End Bits:   [0x000000011a265000, 0x000000011aee5000)

Polling page: 0x00000001087c2000

CodeCache: size=245760Kb used=4995Kb max_used=4995Kb free=240764Kb
 bounds [0x0000000109f89000, 0x000000010a479000, 0x0000000118f89000]
 total_blobs=1992 nmethods=1595 adapters=310
 compilation: enabled

Compilation events (10 events):
Event: 8.193 Thread 0x00007f9d49085000 nmethod 1590 0x000000010a46b410 code [0x000000010a46b560, 0x000000010a46b670]
Event: 9.017 Thread 0x00007f9d49085000 1592       3       java.util.regex.Pattern$Branch::match (66 bytes)
Event: 9.019 Thread 0x00007f9d49085000 nmethod 1592 0x000000010a46ab50 code [0x000000010a46ad00, 0x000000010a46b1f8]
Event: 9.019 Thread 0x00007f9d49085000 1591       3       java.util.Formatter$Flags::contains (22 bytes)
Event: 9.020 Thread 0x00007f9d49085000 nmethod 1591 0x000000010a46a710 code [0x000000010a46a880, 0x000000010a46aa90]
Event: 9.020 Thread 0x00007f9d49085000 1593       3       java.util.regex.Pattern$Single::isSatisfiedBy (14 bytes)
Event: 9.020 Thread 0x00007f9d49085000 nmethod 1593 0x000000010a46a390 code [0x000000010a46a500, 0x000000010a46a6b0]
Event: 26.734 Thread 0x00007f9d49085000 1594       3       java.util.regex.Pattern$Curly::match0 (174 bytes)
Event: 26.735 Thread 0x00007f9d49085000 nmethod 1594 0x000000010a469410 code [0x000000010a469600, 0x000000010a46a038]
Event: 26.740 Thread 0x00007f9d49085000 1595       3       java.io.File::<init> (47 bytes)

GC Heap History (8 events):
Event: 0.273 GC heap before
{Heap before GC invocations=1 (full 0):
 PSYoungGen      total 14848K, used 12800K [0x00000007af580000, 0x00000007b0600000, 0x00000007c0000000)
  eden space 12800K, 100% used [0x00000007af580000,0x00000007b0200000,0x00000007b0200000)
  from space 2048K, 0% used [0x00000007b0400000,0x00000007b0400000,0x00000007b0600000)
  to   space 2048K, 0% used [0x00000007b0200000,0x00000007b0200000,0x00000007b0400000)
 ParOldGen       total 34304K, used 0K [0x000000078e000000, 0x0000000790180000, 0x00000007af580000)
  object space 34304K, 0% used [0x000000078e000000,0x000000078e000000,0x0000000790180000)
 Metaspace       used 7411K, capacity 7552K, committed 7680K, reserved 1056768K
  class space    used 862K, capacity 916K, committed 1024K, reserved 1048576K
Event: 0.276 GC heap after
Heap after GC invocations=1 (full 0):
 PSYoungGen      total 14848K, used 2042K [0x00000007af580000, 0x00000007b0600000, 0x00000007c0000000)
  eden space 12800K, 0% used [0x00000007af580000,0x00000007af580000,0x00000007b0200000)
  from space 2048K, 99% used [0x00000007b0200000,0x00000007b03feb18,0x00000007b0400000)
  to   space 2048K, 0% used [0x00000007b0400000,0x00000007b0400000,0x00000007b0600000)
 ParOldGen       total 34304K, used 471K [0x000000078e000000, 0x0000000790180000, 0x00000007af580000)
  object space 34304K, 1% used [0x000000078e000000,0x000000078e075f98,0x0000000790180000)
 Metaspace       used 7411K, capacity 7552K, committed 7680K, reserved 1056768K
  class space    used 862K, capacity 916K, committed 1024K, reserved 1048576K
}
Event: 0.460 GC heap before
{Heap before GC invocations=2 (full 0):
 PSYoungGen      total 14848K, used 14842K [0x00000007af580000, 0x00000007b0600000, 0x00000007c0000000)
  eden space 12800K, 100% used [0x00000007af580000,0x00000007b0200000,0x00000007b0200000)
  from space 2048K, 99% used [0x00000007b0200000,0x00000007b03feb18,0x00000007b0400000)
  to   space 2048K, 0% used [0x00000007b0400000,0x00000007b0400000,0x00000007b0600000)
 ParOldGen       total 34304K, used 471K [0x000000078e000000, 0x0000000790180000, 0x00000007af580000)
  object space 34304K, 1% used [0x000000078e000000,0x000000078e075f98,0x0000000790180000)
 Metaspace       used 9652K, capacity 9888K, committed 9984K, reserved 1058816K
  class space    used 1164K, capacity 1225K, committed 1280K, reserved 1048576K
Event: 0.463 GC heap after
Heap after GC invocations=2 (full 0):
 PSYoungGen      total 14848K, used 2016K [0x00000007af580000, 0x00000007b1280000, 0x00000007c0000000)
  eden space 12800K, 0% used [0x00000007af580000,0x00000007af580000,0x00000007b0200000)
  from space 2048K, 98% used [0x00000007b0400000,0x00000007b05f83d8,0x00000007b0600000)
  to   space 2048K, 0% used [0x00000007b0200000,0x00000007b0200000,0x00000007b0400000)
 ParOldGen       total 34304K, used 1228K [0x000000078e000000, 0x0000000790180000, 0x00000007af580000)
  object space 34304K, 3% used [0x000000078e000000,0x000000078e133010,0x0000000790180000)
 Metaspace       used 9652K, capacity 9888K, committed 9984K, reserved 1058816K
  class space    used 1164K, capacity 1225K, committed 1280K, reserved 1048576K
}
Event: 0.677 GC heap before
{Heap before GC invocations=3 (full 0):
 PSYoungGen      total 14848K, used 14816K [0x00000007af580000, 0x00000007b1280000, 0x00000007c0000000)
  eden space 12800K, 100% used [0x00000007af580000,0x00000007b0200000,0x00000007b0200000)
  from space 2048K, 98% used [0x00000007b0400000,0x00000007b05f83d8,0x00000007b0600000)
  to   space 2048K, 0% used [0x00000007b0200000,0x00000007b0200000,0x00000007b0400000)
 ParOldGen       total 34304K, used 1228K [0x000000078e000000, 0x0000000790180000, 0x00000007af580000)
  object space 34304K, 3% used [0x000000078e000000,0x000000078e133010,0x0000000790180000)
 Metaspace       used 13035K, capacity 13490K, committed 13952K, reserved 1060864K
  class space    used 1593K, capacity 1795K, committed 1920K, reserved 1048576K
Event: 0.682 GC heap after
Heap after GC invocations=3 (full 0):
 PSYoungGen      total 14848K, used 2016K [0x00000007af580000, 0x00000007b1280000, 0x00000007c0000000)
  eden space 12800K, 0% used [0x00000007af580000,0x00000007af580000,0x00000007b0200000)
  from space 2048K, 98% used [0x00000007b0200000,0x00000007b03f8060,0x00000007b0400000)
  to   space 2048K, 0% used [0x00000007b1080000,0x00000007b1080000,0x00000007b1280000)
 ParOldGen       total 34304K, used 3156K [0x000000078e000000, 0x0000000790180000, 0x00000007af580000)
  object space 34304K, 9% used [0x000000078e000000,0x000000078e315070,0x0000000790180000)
 Metaspace       used 13035K, capacity 13490K, committed 13952K, reserved 1060864K
  class space    used 1593K, capacity 1795K, committed 1920K, reserved 1048576K
}
Event: 0.927 GC heap before
{Heap before GC invocations=4 (full 0):
 PSYoungGen      total 14848K, used 14816K [0x00000007af580000, 0x00000007b1280000, 0x00000007c0000000)
  eden space 12800K, 100% used [0x00000007af580000,0x00000007b0200000,0x00000007b0200000)
  from space 2048K, 98% used [0x00000007b0200000,0x00000007b03f8060,0x00000007b0400000)
  to   space 2048K, 0% used [0x00000007b1080000,0x00000007b1080000,0x00000007b1280000)
 ParOldGen       total 34304K, used 3156K [0x000000078e000000, 0x0000000790180000, 0x00000007af580000)
  object space 34304K, 9% used [0x000000078e000000,0x000000078e315070,0x0000000790180000)
 Metaspace       used 15975K, capacity 16634K, committed 17024K, reserved 1064960K
  class space    used 2008K, capacity 2336K, committed 2432K, reserved 1048576K
Event: 0.932 GC heap after
Heap after GC invocations=4 (full 0):
 PSYoungGen      total 27648K, used 2032K [0x00000007af580000, 0x00000007b1280000, 0x00000007c0000000)
  eden space 25600K, 0% used [0x00000007af580000,0x00000007af580000,0x00000007b0e80000)
  from space 2048K, 99% used [0x00000007b1080000,0x00000007b127c030,0x00000007b1280000)
  to   space 2048K, 0% used [0x00000007b0e80000,0x00000007b0e80000,0x00000007b1080000)
 ParOldGen       total 34304K, used 5696K [0x000000078e000000, 0x0000000790180000, 0x00000007af580000)
  object space 34304K, 16% used [0x000000078e000000,0x000000078e590308,0x0000000790180000)
 Metaspace       used 15975K, capacity 16634K, committed 17024K, reserved 1064960K
  class space    used 2008K, capacity 2336K, committed 2432K, reserved 1048576K
}

Deoptimization events (10 events):
Event: 0.853 Thread 0x00007f9d4a006000 Uncommon trap: reason=unstable_if action=reinterpret pc=0x000000010a384ff4 method=jdk.internal.org.objectweb.asm.Frame.pop()I @ 4
Event: 0.958 Thread 0x00007f9d4a006000 Uncommon trap: reason=class_check action=maybe_recompile pc=0x000000010a39f488 method=java.util.concurrent.ConcurrentHashMap.get(Ljava/lang/Object;)Ljava/lang/Object; @ 149
Event: 5.294 Thread 0x00007f9d48adb000 Uncommon trap: reason=unstable_if action=reinterpret pc=0x000000010a0f3e08 method=java.lang.String.indexOf([CII[CIII)I @ 3
Event: 5.309 Thread 0x00007f9d4a006000 Uncommon trap: reason=class_check action=maybe_recompile pc=0x000000010a39f488 method=java.util.concurrent.ConcurrentHashMap.get(Ljava/lang/Object;)Ljava/lang/Object; @ 149
Event: 5.310 Thread 0x00007f9d4a006000 Uncommon trap: reason=class_check action=maybe_recompile pc=0x000000010a39f488 method=java.util.concurrent.ConcurrentHashMap.get(Ljava/lang/Object;)Ljava/lang/Object; @ 149
Event: 5.310 Thread 0x00007f9d4a006000 Uncommon trap: reason=class_check action=maybe_recompile pc=0x000000010a39f488 method=java.util.concurrent.ConcurrentHashMap.get(Ljava/lang/Object;)Ljava/lang/Object; @ 149
Event: 5.358 Thread 0x00007f9d4a006000 Uncommon trap: reason=unstable_if action=reinterpret pc=0x000000010a1f90dc method=java.lang.String.lastIndexOf([CII[CIII)I @ 118
Event: 5.369 Thread 0x00007f9d4a006000 Uncommon trap: reason=unstable_if action=reinterpret pc=0x000000010a195114 method=java.util.HashMap.getNode(ILjava/lang/Object;)Ljava/util/HashMap$Node; @ 129
Event: 5.369 Thread 0x00007f9d4a006000 Uncommon trap: reason=bimorphic action=maybe_recompile pc=0x000000010a42fa84 method=java.util.HashMap.putVal(ILjava/lang/Object;Ljava/lang/Object;ZZ)Ljava/lang/Object; @ 203
Event: 5.393 Thread 0x00007f9d4a006000 Uncommon trap: reason=bimorphic action=maybe_recompile pc=0x000000010a40b3f4 method=java.util.HashMap.putVal(ILjava/lang/Object;Ljava/lang/Object;ZZ)Ljava/lang/Object; @ 203

Internal exceptions (10 events):
Event: 0.312 Thread 0x00007f9d4a006000 Exception <a 'java/lang/ClassNotFoundException': org/apache/log4j/PatternLayoutCustomizer> (0x00000007af850858) thrown at [/Users/java_re/workspace/8-2-build-macosx-x86_64/jdk8u65/4987/hotspot/src/share/vm/classfile/systemDictionary.cpp, line 210]
Event: 0.540 Thread 0x00007f9d4a006000 Exception <a 'java/lang/NoSuchFieldError': method resolution failed> (0x00000007af994df8) thrown at [/Users/java_re/workspace/8-2-build-macosx-x86_64/jdk8u65/4987/hotspot/src/share/vm/prims/methodHandles.cpp, line 1146]
Event: 0.541 Thread 0x00007f9d4a006000 Exception <a 'java/lang/NoSuchFieldError': method resolution failed> (0x00000007af9a24e8) thrown at [/Users/java_re/workspace/8-2-build-macosx-x86_64/jdk8u65/4987/hotspot/src/share/vm/prims/methodHandles.cpp, line 1146]
Event: 0.588 Thread 0x00007f9d4a006000 Exception <a 'java/lang/NullPointerException'> (0x00000007afc2ec58) thrown at [/Users/java_re/workspace/8-2-build-macosx-x86_64/jdk8u65/4987/hotspot/src/share/vm/prims/jni.cpp, line 735]
Event: 0.589 Thread 0x00007f9d4a006000 Exception <a 'java/lang/NullPointerException'> (0x00000007afc3d4e0) thrown at [/Users/java_re/workspace/8-2-build-macosx-x86_64/jdk8u65/4987/hotspot/src/share/vm/prims/jni.cpp, line 735]
Event: 0.589 Thread 0x00007f9d4a006000 Exception <a 'java/lang/NullPointerException'> (0x00000007afc462b8) thrown at [/Users/java_re/workspace/8-2-build-macosx-x86_64/jdk8u65/4987/hotspot/src/share/vm/prims/jni.cpp, line 735]
Event: 0.589 Thread 0x00007f9d4a006000 Exception <a 'java/lang/NullPointerException'> (0x00000007afc4f258) thrown at [/Users/java_re/workspace/8-2-build-macosx-x86_64/jdk8u65/4987/hotspot/src/share/vm/prims/jni.cpp, line 735]
Event: 0.589 Thread 0x00007f9d4a006000 Exception <a 'java/lang/NullPointerException'> (0x00000007afc58508) thrown at [/Users/java_re/workspace/8-2-build-macosx-x86_64/jdk8u65/4987/hotspot/src/share/vm/prims/jni.cpp, line 735]
Event: 5.335 Thread 0x00007f9d4a006000 Exception <a 'java/lang/NoClassDefFoundError': javassist/ClassPath> (0x00000007afca1dc8) thrown at [/Users/java_re/workspace/8-2-build-macosx-x86_64/jdk8u65/4987/hotspot/src/share/vm/classfile/systemDictionary.cpp, line 199]
Event: 5.340 Thread 0x00007f9d4a006000 Exception <a 'java/io/FileNotFoundException'> (0x00000007afcc2668) thrown at [/Users/java_re/workspace/8-2-build-macosx-x86_64/jdk8u65/4987/hotspot/src/share/vm/prims/jni.cpp, line 709]

Events (10 events):
Event: 5.399 loading class cj/lns/chip/sns/neuron/core/plugin/ChannelMountPluginInfo
Event: 5.399 loading class cj/lns/chip/sns/neuron/core/plugin/ChannelMountPluginInfo done
Event: 5.399 loading class cj/lns/chip/sns/neuron/core/plugin/ChannelMountPluginInfo
Event: 5.399 loading class cj/lns/chip/sns/neuron/core/plugin/ChannelMountPluginInfo done
Event: 6.343 loading class java/util/PriorityQueue$Itr
Event: 6.344 loading class java/util/PriorityQueue$Itr done
Event: 8.193 loading class cj/lns/chip/sns/neuron/tools/CmdLine
Event: 8.193 loading class cj/lns/chip/sns/neuron/tools/CmdLine done
Event: 8.193 loading class cj/lns/chip/sns/neuron/tools/CmdLine
Event: 8.193 loading class cj/lns/chip/sns/neuron/tools/CmdLine done


Dynamic libraries:
0x00000000065c2000 	/System/Library/Frameworks/Cocoa.framework/Versions/A/Cocoa
0x00000000065c2000 	/System/Library/Frameworks/Security.framework/Versions/A/Security
0x00000000065c2000 	/System/Library/Frameworks/ApplicationServices.framework/Versions/A/ApplicationServices
0x00000000065c2000 	/usr/lib/libz.1.dylib
0x00000000065c2000 	/usr/lib/libSystem.B.dylib
0x00000000065c2000 	/usr/lib/libobjc.A.dylib
0x00000000065c2000 	/System/Library/Frameworks/CoreFoundation.framework/Versions/A/CoreFoundation
0x00000000065c2000 	/System/Library/Frameworks/Foundation.framework/Versions/C/Foundation
0x00000000065c2000 	/System/Library/Frameworks/AppKit.framework/Versions/C/AppKit
0x00000000065c2000 	/System/Library/Frameworks/CoreData.framework/Versions/A/CoreData
0x00000000065c2000 	/System/Library/PrivateFrameworks/RemoteViewServices.framework/Versions/A/RemoteViewServices
0x00000000065c2000 	/System/Library/PrivateFrameworks/UIFoundation.framework/Versions/A/UIFoundation
0x00000000065c2000 	/usr/lib/libScreenReader.dylib
0x00000000065c2000 	/System/Library/Frameworks/Accelerate.framework/Versions/A/Accelerate
0x00000000065c2000 	/System/Library/Frameworks/IOSurface.framework/Versions/A/IOSurface
0x00000000065c2000 	/System/Library/Frameworks/AudioToolbox.framework/Versions/A/AudioToolbox
0x00000000065c2000 	/System/Library/Frameworks/AudioUnit.framework/Versions/A/AudioUnit
0x00000000065c2000 	/System/Library/PrivateFrameworks/DataDetectorsCore.framework/Versions/A/DataDetectorsCore
0x00000000065c2000 	/System/Library/PrivateFrameworks/DesktopServicesPriv.framework/Versions/A/DesktopServicesPriv
0x00000000065c2000 	/System/Library/Frameworks/Carbon.framework/Versions/A/Frameworks/HIToolbox.framework/Versions/A/HIToolbox
0x00000000065c2000 	/System/Library/Frameworks/QuartzCore.framework/Versions/A/QuartzCore
0x00000000065c2000 	/System/Library/Frameworks/Carbon.framework/Versions/A/Frameworks/SpeechRecognition.framework/Versions/A/SpeechRecognition
0x00000000065c2000 	/usr/lib/libauto.dylib
0x00000000065c2000 	/usr/lib/libicucore.A.dylib
0x00000000065c2000 	/usr/lib/libxml2.2.dylib
0x00000000065c2000 	/System/Library/PrivateFrameworks/CoreUI.framework/Versions/A/CoreUI
0x00000000065c2000 	/System/Library/Frameworks/CoreAudio.framework/Versions/A/CoreAudio
0x00000000065c2000 	/System/Library/Frameworks/DiskArbitration.framework/Versions/A/DiskArbitration
0x00000000065c2000 	/usr/lib/liblangid.dylib
0x00000000065c2000 	/System/Library/PrivateFrameworks/MultitouchSupport.framework/Versions/A/MultitouchSupport
0x00000000065c2000 	/System/Library/Frameworks/IOKit.framework/Versions/A/IOKit
0x00000000065c2000 	/usr/lib/libDiagnosticMessagesClient.dylib
0x00000000065c2000 	/System/Library/Frameworks/CoreServices.framework/Versions/A/CoreServices
0x00000000065c2000 	/System/Library/PrivateFrameworks/PerformanceAnalysis.framework/Versions/A/PerformanceAnalysis
0x00000000065c2000 	/System/Library/PrivateFrameworks/GenerationalStorage.framework/Versions/A/GenerationalStorage
0x00000000065c2000 	/System/Library/Frameworks/OpenGL.framework/Versions/A/OpenGL
0x00000000065c2000 	/System/Library/PrivateFrameworks/Sharing.framework/Versions/A/Sharing
0x00000000065c2000 	/System/Library/Frameworks/CoreGraphics.framework/Versions/A/CoreGraphics
0x00000000065c2000 	/System/Library/Frameworks/CoreImage.framework/Versions/A/CoreImage
0x00000000065c2000 	/System/Library/Frameworks/CoreText.framework/Versions/A/CoreText
0x00000000065c2000 	/System/Library/Frameworks/ImageIO.framework/Versions/A/ImageIO
0x00000000065c2000 	/System/Library/PrivateFrameworks/Backup.framework/Versions/A/Backup
0x00000000065c2000 	/usr/lib/libextension.dylib
0x00000000065c2000 	/usr/lib/libarchive.2.dylib
0x00000000065c2000 	/System/Library/Frameworks/CFNetwork.framework/Versions/A/CFNetwork
0x00000000065c2000 	/System/Library/Frameworks/SystemConfiguration.framework/Versions/A/SystemConfiguration
0x00000000065c2000 	/usr/lib/libCRFSuite.dylib
0x00000000065c2000 	/usr/lib/libc++.1.dylib
0x00000000065c2000 	/usr/lib/libc++abi.dylib
0x00000000065c2000 	/usr/lib/system/libcache.dylib
0x00000000065c2000 	/usr/lib/system/libcommonCrypto.dylib
0x00000000065c2000 	/usr/lib/system/libcompiler_rt.dylib
0x00000000065c2000 	/usr/lib/system/libcopyfile.dylib
0x00000000065c2000 	/usr/lib/system/libcorecrypto.dylib
0x00000000065c2000 	/usr/lib/system/libdispatch.dylib
0x00000000065c2000 	/usr/lib/system/libdyld.dylib
0x00000000065c2000 	/usr/lib/system/libkeymgr.dylib
0x00000000065c2000 	/usr/lib/system/liblaunch.dylib
0x00000000065c2000 	/usr/lib/system/libmacho.dylib
0x00000000065c2000 	/usr/lib/system/libquarantine.dylib
0x00000000065c2000 	/usr/lib/system/libremovefile.dylib
0x00000000065c2000 	/usr/lib/system/libsystem_asl.dylib
0x00000000065c2000 	/usr/lib/system/libsystem_blocks.dylib
0x00000000065c2000 	/usr/lib/system/libsystem_c.dylib
0x00000000065c2000 	/usr/lib/system/libsystem_configuration.dylib
0x00000000065c2000 	/usr/lib/system/libsystem_coreservices.dylib
0x00000000065c2000 	/usr/lib/system/libsystem_coretls.dylib
0x00000000065c2000 	/usr/lib/system/libsystem_dnssd.dylib
0x00000000065c2000 	/usr/lib/system/libsystem_info.dylib
0x00000000065c2000 	/usr/lib/system/libsystem_kernel.dylib
0x00000000065c2000 	/usr/lib/system/libsystem_m.dylib
0x00000000065c2000 	/usr/lib/system/libsystem_malloc.dylib
0x00000000065c2000 	/usr/lib/system/libsystem_network.dylib
0x00000000065c2000 	/usr/lib/system/libsystem_networkextension.dylib
0x00000000065c2000 	/usr/lib/system/libsystem_notify.dylib
0x00000000065c2000 	/usr/lib/system/libsystem_platform.dylib
0x00000000065c2000 	/usr/lib/system/libsystem_pthread.dylib
0x00000000065c2000 	/usr/lib/system/libsystem_sandbox.dylib
0x00000000065c2000 	/usr/lib/system/libsystem_secinit.dylib
0x00000000065c2000 	/usr/lib/system/libsystem_trace.dylib
0x00000000065c2000 	/usr/lib/system/libunc.dylib
0x00000000065c2000 	/usr/lib/system/libunwind.dylib
0x00000000065c2000 	/usr/lib/system/libxpc.dylib
0x00000000065c2000 	/usr/lib/libenergytrace.dylib
0x00000000065c2000 	/usr/lib/libbsm.0.dylib
0x00000000065c2000 	/usr/lib/system/libkxld.dylib
0x00000000065c2000 	/usr/lib/libxar.1.dylib
0x00000000065c2000 	/usr/lib/libsqlite3.dylib
0x00000000065c2000 	/usr/lib/libpam.2.dylib
0x00000000065c2000 	/usr/lib/libOpenScriptingUtil.dylib
0x00000000065c2000 	/usr/lib/libbz2.1.0.dylib
0x00000000065c2000 	/usr/lib/liblzma.5.dylib
0x00000000065c2000 	/System/Library/Frameworks/CoreServices.framework/Versions/A/Frameworks/FSEvents.framework/Versions/A/FSEvents
0x00000000065c2000 	/System/Library/Frameworks/CoreServices.framework/Versions/A/Frameworks/CarbonCore.framework/Versions/A/CarbonCore
0x00000000065c2000 	/System/Library/Frameworks/CoreServices.framework/Versions/A/Frameworks/Metadata.framework/Versions/A/Metadata
0x00000000065c2000 	/System/Library/Frameworks/CoreServices.framework/Versions/A/Frameworks/OSServices.framework/Versions/A/OSServices
0x00000000065c2000 	/System/Library/Frameworks/CoreServices.framework/Versions/A/Frameworks/SearchKit.framework/Versions/A/SearchKit
0x00000000065c2000 	/System/Library/Frameworks/CoreServices.framework/Versions/A/Frameworks/AE.framework/Versions/A/AE
0x00000000065c2000 	/System/Library/Frameworks/CoreServices.framework/Versions/A/Frameworks/LaunchServices.framework/Versions/A/LaunchServices
0x00000000065c2000 	/System/Library/Frameworks/CoreServices.framework/Versions/A/Frameworks/DictionaryServices.framework/Versions/A/DictionaryServices
0x00000000065c2000 	/System/Library/Frameworks/CoreServices.framework/Versions/A/Frameworks/SharedFileList.framework/Versions/A/SharedFileList
0x00000000065c2000 	/System/Library/Frameworks/NetFS.framework/Versions/A/NetFS
0x00000000065c2000 	/System/Library/PrivateFrameworks/NetAuth.framework/Versions/A/NetAuth
0x00000000065c2000 	/System/Library/PrivateFrameworks/login.framework/Versions/A/Frameworks/loginsupport.framework/Versions/A/loginsupport
0x00000000065c2000 	/System/Library/PrivateFrameworks/TCC.framework/Versions/A/TCC
0x00000000065c2000 	/usr/lib/libmecabra.dylib
0x00000000065c2000 	/System/Library/Frameworks/ApplicationServices.framework/Versions/A/Frameworks/ATS.framework/Versions/A/ATS
0x00000000065c2000 	/System/Library/Frameworks/ApplicationServices.framework/Versions/A/Frameworks/ColorSync.framework/Versions/A/ColorSync
0x00000000065c2000 	/System/Library/Frameworks/ApplicationServices.framework/Versions/A/Frameworks/HIServices.framework/Versions/A/HIServices
0x00000000065c2000 	/System/Library/Frameworks/ApplicationServices.framework/Versions/A/Frameworks/LangAnalysis.framework/Versions/A/LangAnalysis
0x00000000065c2000 	/System/Library/Frameworks/ApplicationServices.framework/Versions/A/Frameworks/PrintCore.framework/Versions/A/PrintCore
0x00000000065c2000 	/System/Library/Frameworks/ApplicationServices.framework/Versions/A/Frameworks/QD.framework/Versions/A/QD
0x00000000065c2000 	/System/Library/Frameworks/ApplicationServices.framework/Versions/A/Frameworks/SpeechSynthesis.framework/Versions/A/SpeechSynthesis
0x00000000065c2000 	/System/Library/Frameworks/Metal.framework/Versions/A/Metal
0x00000000065c2000 	/System/Library/Frameworks/Accelerate.framework/Versions/A/Frameworks/vImage.framework/Versions/A/vImage
0x00000000065c2000 	/System/Library/Frameworks/Accelerate.framework/Versions/A/Frameworks/vecLib.framework/Versions/A/vecLib
0x00000000065c2000 	/System/Library/Frameworks/Accelerate.framework/Versions/A/Frameworks/vecLib.framework/Versions/A/libvDSP.dylib
0x00000000065c2000 	/System/Library/Frameworks/Accelerate.framework/Versions/A/Frameworks/vecLib.framework/Versions/A/libvMisc.dylib
0x00000000065c2000 	/System/Library/Frameworks/Accelerate.framework/Versions/A/Frameworks/vecLib.framework/Versions/A/libLAPACK.dylib
0x00000000065c2000 	/System/Library/Frameworks/Accelerate.framework/Versions/A/Frameworks/vecLib.framework/Versions/A/libBLAS.dylib
0x00000000065c2000 	/System/Library/Frameworks/Accelerate.framework/Versions/A/Frameworks/vecLib.framework/Versions/A/libLinearAlgebra.dylib
0x00000000065c2000 	/System/Library/Frameworks/Accelerate.framework/Versions/A/Frameworks/vecLib.framework/Versions/A/libSparseBLAS.dylib
0x00000000065c2000 	/System/Library/PrivateFrameworks/GPUCompiler.framework/libmetal_timestamp.dylib
0x00000000065c2000 	/System/Library/Frameworks/OpenGL.framework/Versions/A/Libraries/libCoreFSCache.dylib
0x00000000065c2000 	/System/Library/PrivateFrameworks/IOAccelerator.framework/Versions/A/IOAccelerator
0x00000000065c2000 	/System/Library/Frameworks/ApplicationServices.framework/Versions/A/Frameworks/ATS.framework/Versions/A/Resources/libFontParser.dylib
0x00000000065c2000 	/System/Library/Frameworks/ApplicationServices.framework/Versions/A/Frameworks/ATS.framework/Versions/A/Resources/libFontRegistry.dylib
0x00000000065c2000 	/System/Library/PrivateFrameworks/AppleVPA.framework/Versions/A/AppleVPA
0x00000000065c2000 	/System/Library/PrivateFrameworks/AppleJPEG.framework/Versions/A/AppleJPEG
0x00000000065c2000 	/System/Library/Frameworks/ImageIO.framework/Versions/A/Resources/libJPEG.dylib
0x00000000065c2000 	/System/Library/Frameworks/ImageIO.framework/Versions/A/Resources/libTIFF.dylib
0x00000000065c2000 	/System/Library/Frameworks/ImageIO.framework/Versions/A/Resources/libPng.dylib
0x00000000065c2000 	/System/Library/Frameworks/ImageIO.framework/Versions/A/Resources/libGIF.dylib
0x00000000065c2000 	/System/Library/Frameworks/ImageIO.framework/Versions/A/Resources/libJP2.dylib
0x00000000065c2000 	/System/Library/Frameworks/ImageIO.framework/Versions/A/Resources/libRadiance.dylib
0x00000000065c2000 	/System/Library/Frameworks/CoreVideo.framework/Versions/A/CoreVideo
0x00000000065c2000 	/System/Library/Frameworks/OpenGL.framework/Versions/A/Libraries/libGLU.dylib
0x00000000065c2000 	/System/Library/Frameworks/OpenGL.framework/Versions/A/Libraries/libGFXShared.dylib
0x00000000065c2000 	/System/Library/Frameworks/OpenGL.framework/Versions/A/Libraries/libGL.dylib
0x00000000065c2000 	/System/Library/Frameworks/OpenGL.framework/Versions/A/Libraries/libGLImage.dylib
0x00000000065c2000 	/System/Library/Frameworks/OpenGL.framework/Versions/A/Libraries/libCVMSPluginSupport.dylib
0x00000000065c2000 	/System/Library/Frameworks/OpenGL.framework/Versions/A/Libraries/libCoreVMClient.dylib
0x00000000065c2000 	/usr/lib/libcups.2.dylib
0x00000000065c2000 	/System/Library/Frameworks/Kerberos.framework/Versions/A/Kerberos
0x00000000065c2000 	/System/Library/Frameworks/GSS.framework/Versions/A/GSS
0x00000000065c2000 	/usr/lib/libresolv.9.dylib
0x00000000065c2000 	/usr/lib/libiconv.2.dylib
0x00000000065c2000 	/System/Library/PrivateFrameworks/Heimdal.framework/Versions/A/Heimdal
0x00000000065c2000 	/usr/lib/libheimdal-asn1.dylib
0x00000000065c2000 	/System/Library/Frameworks/OpenDirectory.framework/Versions/A/OpenDirectory
0x00000000065c2000 	/System/Library/PrivateFrameworks/CommonAuth.framework/Versions/A/CommonAuth
0x00000000065c2000 	/System/Library/Frameworks/OpenDirectory.framework/Versions/A/Frameworks/CFOpenDirectory.framework/Versions/A/CFOpenDirectory
0x00000000065c2000 	/System/Library/Frameworks/SecurityFoundation.framework/Versions/A/SecurityFoundation
0x00000000065c2000 	/System/Library/PrivateFrameworks/LanguageModeling.framework/Versions/A/LanguageModeling
0x00000000065c2000 	/usr/lib/libmarisa.dylib
0x00000000065c2000 	/usr/lib/libChineseTokenizer.dylib
0x00000000065c2000 	/usr/lib/libcmph.dylib
0x00000000065c2000 	/usr/lib/libcompression.dylib
0x00000000065c2000 	/System/Library/Frameworks/ServiceManagement.framework/Versions/A/ServiceManagement
0x00000000065c2000 	/usr/lib/libxslt.1.dylib
0x00000000065c2000 	/System/Library/Frameworks/Carbon.framework/Versions/A/Frameworks/Ink.framework/Versions/A/Ink
0x00000000065c2000 	/usr/lib/libFosl_dynamic.dylib
0x00000000065c2000 	/System/Library/PrivateFrameworks/FaceCore.framework/Versions/A/FaceCore
0x00000000065c2000 	/System/Library/Frameworks/OpenCL.framework/Versions/A/OpenCL
0x00000000065c2000 	/System/Library/PrivateFrameworks/CrashReporterSupport.framework/Versions/A/CrashReporterSupport
0x00000000065c2000 	/System/Library/PrivateFrameworks/IconServices.framework/Versions/A/IconServices
0x00000000065c2000 	/System/Library/PrivateFrameworks/Apple80211.framework/Versions/A/Apple80211
0x00000000065c2000 	/System/Library/Frameworks/CoreWLAN.framework/Versions/A/CoreWLAN
0x00000000065c2000 	/System/Library/Frameworks/IOBluetooth.framework/Versions/A/IOBluetooth
0x00000000065c2000 	/System/Library/PrivateFrameworks/CoreWiFi.framework/Versions/A/CoreWiFi
0x00000000065c2000 	/System/Library/Frameworks/CoreBluetooth.framework/Versions/A/CoreBluetooth
0x00000000065c2000 	/System/Library/PrivateFrameworks/ChunkingLibrary.framework/Versions/A/ChunkingLibrary
0x00000000065c2000 	/System/Library/PrivateFrameworks/DebugSymbols.framework/Versions/A/DebugSymbols
0x00000000065c2000 	/System/Library/PrivateFrameworks/CoreSymbolication.framework/Versions/A/CoreSymbolication
0x00000000065c2000 	/System/Library/PrivateFrameworks/Symbolication.framework/Versions/A/Symbolication
0x00000000065c2000 	/System/Library/PrivateFrameworks/SpeechRecognitionCore.framework/Versions/A/SpeechRecognitionCore
0x0000000108705000 	/System/Library/CoreServices/Encodings/libSimplifiedChineseConverter.dylib
0x0000000109000000 	/Library/Java/JavaVirtualMachines/jdk1.8.0_65.jdk/Contents/Home/jre/lib/server/libjvm.dylib
0x00000000065c2000 	/usr/lib/libstdc++.6.dylib
0x000000010877f000 	/Library/Java/JavaVirtualMachines/jdk1.8.0_65.jdk/Contents/Home/jre/lib/libverify.dylib
0x000000010878d000 	/Library/Java/JavaVirtualMachines/jdk1.8.0_65.jdk/Contents/Home/jre/lib/libjava.dylib
0x00000001087cc000 	/Library/Java/JavaVirtualMachines/jdk1.8.0_65.jdk/Contents/Home/jre/lib/libzip.dylib
0x00000001087e5000 	/System/Library/Frameworks/JavaVM.framework/Frameworks/JavaRuntimeSupport.framework/JavaRuntimeSupport
0x000000011cb1b000 	/System/Library/Frameworks/JavaVM.framework/Versions/A/Frameworks/JavaNativeFoundation.framework/Versions/A/JavaNativeFoundation
0x000000011cb30000 	/System/Library/Frameworks/JavaVM.framework/Versions/A/JavaVM
0x00000000065c2000 	/System/Library/Frameworks/Carbon.framework/Versions/A/Carbon
0x000000011cb3d000 	/System/Library/PrivateFrameworks/JavaLaunching.framework/Versions/A/JavaLaunching
0x00000000065c2000 	/System/Library/Frameworks/Carbon.framework/Versions/A/Frameworks/CommonPanels.framework/Versions/A/CommonPanels
0x00000000065c2000 	/System/Library/Frameworks/Carbon.framework/Versions/A/Frameworks/Help.framework/Versions/A/Help
0x00000000065c2000 	/System/Library/Frameworks/Carbon.framework/Versions/A/Frameworks/ImageCapture.framework/Versions/A/ImageCapture
0x00000000065c2000 	/System/Library/Frameworks/Carbon.framework/Versions/A/Frameworks/OpenScripting.framework/Versions/A/OpenScripting
0x00000000065c2000 	/System/Library/Frameworks/Carbon.framework/Versions/A/Frameworks/Print.framework/Versions/A/Print
0x00000000065c2000 	/System/Library/Frameworks/Carbon.framework/Versions/A/Frameworks/SecurityHI.framework/Versions/A/SecurityHI
0x000000011e5a8000 	/Library/Java/JavaVirtualMachines/jdk1.8.0_65.jdk/Contents/Home/jre/lib/libnet.dylib
0x000000011e5bf000 	/Library/Java/JavaVirtualMachines/jdk1.8.0_65.jdk/Contents/Home/jre/lib/libnio.dylib
0x000000011e5cf000 	/Library/Java/JavaVirtualMachines/jdk1.8.0_65.jdk/Contents/Home/jre/lib/libmanagement.dylib

VM Arguments:
jvm_args: -Xms50m -Xmx800m 
java_command: neuron-1.0.jar
java_class_path (initial): neuron-1.0.jar
Launcher Type: SUN_STANDARD

Environment Variables:
PATH=/usr/local/bin:/usr/bin:/bin:/usr/sbin:/sbin:/opt/X11/bin:/Users/carocean/studio/adt-bundle-mac-x86_64-20140702/sdk/tools:/Users/carocean/studio/adt-bundle-mac-x86_64-20140702/sdk/platform-tools:/Users/carocean/studio/apache-ant-1.9.4/bin:/usr/local/mysql/bin
SHELL=/bin/bash
DISPLAY=/private/tmp/com.apple.launchd.nZXza1estG/org.macosforge.xquartz:0

Signal Handlers:
SIGSEGV: [libjvm.dylib+0x5a6d31], sa_mask[0]=11111111011111110111111111111111, sa_flags=SA_ONSTACK|SA_RESTART|SA_SIGINFO
SIGBUS: [libjvm.dylib+0x5a6d31], sa_mask[0]=11111111011111110111111111111111, sa_flags=SA_RESTART|SA_SIGINFO
SIGFPE: [libjvm.dylib+0x480a40], sa_mask[0]=11111111011111110111111111111111, sa_flags=SA_RESTART|SA_SIGINFO
SIGPIPE: [libjvm.dylib+0x480a40], sa_mask[0]=11111111011111110111111111111111, sa_flags=SA_RESTART|SA_SIGINFO
SIGXFSZ: [libjvm.dylib+0x480a40], sa_mask[0]=11111111011111110111111111111111, sa_flags=SA_RESTART|SA_SIGINFO
SIGILL: [libjvm.dylib+0x480a40], sa_mask[0]=11111111011111110111111111111111, sa_flags=SA_RESTART|SA_SIGINFO
SIGUSR1: SIG_DFL, sa_mask[0]=11011111011111100000000111000110, sa_flags=none
SIGUSR2: [libjvm.dylib+0x48055e], sa_mask[0]=00000000000000000000000000000000, sa_flags=SA_RESTART|SA_SIGINFO
SIGHUP: [libjvm.dylib+0x47eb35], sa_mask[0]=11111111011111110111111111111111, sa_flags=SA_RESTART|SA_SIGINFO
SIGINT: [libjvm.dylib+0x47eb35], sa_mask[0]=11111111011111110111111111111111, sa_flags=SA_RESTART|SA_SIGINFO
SIGTERM: [libjvm.dylib+0x47eb35], sa_mask[0]=11111111011111110111111111111111, sa_flags=SA_RESTART|SA_SIGINFO
SIGQUIT: [libjvm.dylib+0x47eb35], sa_mask[0]=11111111011111110111111111111111, sa_flags=SA_RESTART|SA_SIGINFO


---------------  S Y S T E M  ---------------

OS:Bsduname:Darwin 15.3.0 Darwin Kernel Version 15.3.0: Thu Dec 10 18:40:58 PST 2015; root:xnu-3248.30.4~1/RELEASE_X86_64 x86_64
rlimit: STACK 8192k, CORE 0k, NPROC 709, NOFILE 10240, AS infinity
load average:2.90 2.32 2.12

CPU:total 4 (2 cores per cpu, 2 threads per core) family 6 model 69 stepping 1, cmov, cx8, fxsr, mmx, sse, sse2, sse3, ssse3, sse4.1, sse4.2, popcnt, avx, avx2, aes, clmul, erms, lzcnt, ht, tsc, tscinvbit, bmi1, bmi2

Memory: 4k page, physical 8388608k(784364k free)

/proc/meminfo:


vm_info: Java HotSpot(TM) 64-Bit Server VM (25.65-b01) for bsd-amd64 JRE (1.8.0_65-b17), built on Oct  6 2015 15:36:46 by "java_re" with gcc 4.2.1 (Based on Apple Inc. build 5658) (LLVM build 2336.11.00)

time: Sun Mar 13 22:26:09 2016
elapsed time: 26 seconds (0d 0h 0m 26s)

